#
# A fatal error has been detected by the Java Runtime Environment:
#
#  SIGSEGV (0xb) at pc=0x00007f59a0a3a6fa, pid=4360, tid=140022465058560
#
# JRE version: OpenJDK Runtime Environment (7.0_95) (build 1.7.0_95-b00)
# Java VM: OpenJDK 64-Bit Server VM (24.95-b01 mixed mode linux-amd64 compressed oops)
# Derivative: IcedTea 2.6.4
# Distribution: Ubuntu 14.04 LTS, package 7u95-2.6.4-0ubuntu0.14.04.2
# Problematic frame:
# v  ~BufferBlob::jni_fast_GetLongField
#
# Failed to write core dump. Core dumps have been disabled. To enable core dumping, try "ulimit -c unlimited" before starting Java again
#
# If you would like to submit a bug report, please include
# instructions on how to reproduce the bug and visit:
#   http://icedtea.classpath.org/bugzilla
# The crash happened outside the Java Virtual Machine in native code.
# See problematic frame for where to report the bug.
#

---------------  T H R E A D  ---------------

Current thread (0x00007f59a4846000):  JavaThread "AWT-XAWT" daemon [_thread_in_native, id=4381, stack(0x00007f59853a5000,0x00007f59854a6000)]

siginfo:si_signo=SIGSEGV: si_errno=0, si_code=1 (SEGV_MAPERR), si_addr=0x0000000000000000

Registers:
RAX=0x00007f59aa168140, RBX=0x00007f59a48461d8, RCX=0x00007f59aa5df320, RDX=0x0000000000000042
RSP=0x00007f59854a4828, RBP=0x00007f59854a4850, RSI=0x0000000000000000, RDI=0x00007f59a48461d8
R8 =0x000000078094ac48, R9 =0x0000000000000000, R10=0x00000000000002c8, R11=0x0000000000000320
R12=0x00007f5924008410, R13=0x0000000000000000, R14=0x00007f599c5c7d80, R15=0x00007f59a4846000
RIP=0x00007f59a0a3a6fa, EFLAGS=0x0000000000010246, CSGSFS=0x0000000000000033, ERR=0x0000000000000004
  TRAPNO=0x000000000000000e

Top of Stack: (sp=0x00007f59854a4828)
0x00007f59854a4828:   00007f599c399744 0000000000000000
0x00007f59854a4838:   00007f5924008410 00007f59a0cda1d8
0x00007f59854a4848:   00007f59854a48d0 0000000000000000
0x00007f59854a4858:   00007f598fd2cae8 0000000000000000
0x00007f59854a4868:   00007f59854a4890 0000000000000000
0x00007f59854a4878:   00007f598fd249a3 00007f59a0cda1d8
0x00007f59854a4888:   00007f599c38e22f 00007f59854a48e0
0x00007f59854a4898:   00007f59a0ba2816 00007f59a0cda1d8
0x00007f59854a48a8:   0000000000000000 0000000000000000
0x00007f59854a48b8:   0000000000000000 0000000000000000
0x00007f59854a48c8:   0000000000000000 0000000780360118
0x00007f59854a48d8:   00000007809cd5c0 00000007809c3ad0
0x00007f59854a48e8:   00007f59a0cd91fc 00000000809c3ad0
0x00007f59854a48f8:   f013875a8094a088 ffffffff00000000
0x00007f59854a4908:   00000007804957e8 00000007d6c95800
0x00007f59854a4918:   00000007d6c95760 000000078092bce0
0x00007f59854a4928:   0000000000000000 000000078097a128
0x00007f59854a4938:   00000001f01282cc 000000078097a128
0x00007f59854a4948:   00007f59854a4990 00007f59854a49e0
0x00007f59854a4958:   00007f59a09e5058 00000007809cd5c0
0x00007f59854a4968:   000000078084b898 0000000000000029
0x00007f59854a4978:   0000000000000000 00007f59854a49e0
0x00007f59854a4988:   00007f59a09e5058 deaddeaf00000000
0x00007f59854a4998:   000000078092bce0 00007f59854a49a0
0x00007f59854a49a8:   0000000776d9ed2d 00007f59854a49f0
0x00007f59854a49b8:   0000000776dabc10 0000000000000000
0x00007f59854a49c8:   0000000776d9ed48 00007f59854a4990
0x00007f59854a49d8:   00007f59854a49f0 00007f59854a4a38
0x00007f59854a49e8:   00007f59a09e5706 000000078092bce0
0x00007f59854a49f8:   00007f59854a49f8 0000000775a3b58b
0x00007f59854a4a08:   00007f59854a4a48 0000000775ac5ec0
0x00007f59854a4a18:   0000000000000000 0000000775a3b5a8 

Instructions: (pc=0x00007f59a0a3a6fa)
0x00007f59a0a3a6da:   00 00 00 00 00 00 44 8b 15 bd 82 75 09 4c 8b ce
0x00007f59a0a3a6ea:   41 f6 c2 01 0f 85 2e 00 00 00 4d 33 ca 4d 33 ca
0x00007f59a0a3a6fa:   4d 8b 09 4c 8b da 49 c1 eb 02 4b 8b 04 19 49 bb
0x00007f59a0a3a70a:   a4 29 19 aa 59 7f 00 00 4c 33 d8 4c 33 d8 45 3b 

Register to memory mapping:

RAX=0x00007f59aa168140: <offset 0xdca140> in /usr/lib/jvm/java-7-openjdk-amd64/jre/lib/amd64/server/libjvm.so at 0x00007f59a939e000
RBX=0x00007f59a48461d8 is an unknown value
RCX=0x00007f59aa5df320: <offset 0x219320> in /lib/x86_64-linux-gnu/libpthread.so.0 at 0x00007f59aa3c6000
RDX=0x0000000000000042 is an unknown value
RSP=0x00007f59854a4828 is pointing into the stack for thread: 0x00007f59a4846000
RBP=0x00007f59854a4850 is pointing into the stack for thread: 0x00007f59a4846000
RSI=0x0000000000000000 is an unknown value
RDI=0x00007f59a48461d8 is an unknown value
R8 =0x000000078094ac48 is an oop
java.util.logging.Logger 
 - klass: 'java/util/logging/Logger'
R9 =0x0000000000000000 is an unknown value
R10=0x00000000000002c8 is an unknown value
R11=0x0000000000000320 is an unknown value
R12=0x00007f5924008410 is an unknown value
R13=0x0000000000000000 is an unknown value
R14=0x00007f599c5c7d80: <offset 0x24ad80> in /usr/lib/jvm/java-7-openjdk-amd64/jre/lib/amd64/xawt/libmawt.so at 0x00007f599c37d000
R15=0x00007f59a4846000 is a thread


Stack: [0x00007f59853a5000,0x00007f59854a6000],  sp=0x00007f59854a4828,  free space=1022k
Native frames: (J=compiled Java code, j=interpreted, Vv=VM code, C=native code)
v  ~BufferBlob::jni_fast_GetLongField

Java frames: (J=compiled Java code, j=interpreted, Vv=VM code)
J 660  sun.awt.X11.XlibWrapper.XFilterEvent(JJ)Z (0 bytes) @ 0x00007f59a0ba27a4 [0x00007f59a0ba2760+0x44]
J 934% C2 sun.awt.X11.XToolkit.run(Z)V (410 bytes) @ 0x00007f59a0cd91fc [0x00007f59a0cd8600+0xbfc]
j  sun.awt.X11.XToolkit.run()V+5
j  java.lang.Thread.run()V+11
v  ~StubRoutines::call_stub

---------------  P R O C E S S  ---------------

Java Threads: ( => current thread )
  0x00007f59240cf800 JavaThread "TimerQueue" daemon [_thread_blocked, id=4390, stack(0x00007f5984d4c000,0x00007f5984e4d000)]
  0x00007f59a400a000 JavaThread "DestroyJavaVM" [_thread_blocked, id=4361, stack(0x00007f59aaeba000,0x00007f59aafbb000)]
  0x00007f59a48a6000 JavaThread "AWT-EventQueue-0" [_thread_blocked, id=4384, stack(0x00007f5984e4d000,0x00007f5984f4e000)]
  0x00007f59a4613000 JavaThread "AWT-Shutdown" [_thread_blocked, id=4383, stack(0x00007f59851a3000,0x00007f59852a4000)]
=>0x00007f59a4846000 JavaThread "AWT-XAWT" daemon [_thread_in_native, id=4381, stack(0x00007f59853a5000,0x00007f59854a6000)]
  0x00007f59a482b000 JavaThread "Java2D Disposer" daemon [_thread_blocked, id=4380, stack(0x00007f598c043000,0x00007f598c144000)]
  0x00007f59a40b8000 JavaThread "Service Thread" daemon [_thread_blocked, id=4376, stack(0x00007f599c9e7000,0x00007f599cae8000)]
  0x00007f59a40b6000 JavaThread "C2 CompilerThread1" daemon [_thread_blocked, id=4375, stack(0x00007f599cae8000,0x00007f599cbe9000)]
  0x00007f59a40b3000 JavaThread "C2 CompilerThread0" daemon [_thread_blocked, id=4374, stack(0x00007f599cbe9000,0x00007f599ccea000)]
  0x00007f59a40b1000 JavaThread "Signal Dispatcher" daemon [_thread_blocked, id=4373, stack(0x00007f599ccea000,0x00007f599cdeb000)]
  0x00007f59a4084800 JavaThread "Finalizer" daemon [_thread_blocked, id=4372, stack(0x00007f599d4ce000,0x00007f599d5cf000)]
  0x00007f59a4082800 JavaThread "Reference Handler" daemon [_thread_blocked, id=4371, stack(0x00007f599d5cf000,0x00007f599d6d0000)]

Other Threads:
  0x00007f59a407e000 VMThread [stack: 0x00007f599d6d0000,0x00007f599d7d1000] [id=4370]
  0x00007f59a40c3000 WatcherThread [stack: 0x00007f599c8e6000,0x00007f599c9e7000] [id=4377]

VM state:not at safepoint (normal execution)

VM Mutex/Monitor currently owned by a thread: None

Heap
 PSYoungGen      total 37888K, used 24743K [0x00000007d5500000, 0x00000007d8500000, 0x0000000800000000)
  eden space 27648K, 87% used [0x00000007d5500000,0x00000007d6c99ee8,0x00000007d7000000)
  from space 10240K, 5% used [0x00000007d7080000,0x00000007d7110000,0x00000007d7a80000)
  to   space 10752K, 0% used [0x00000007d7a80000,0x00000007d7a80000,0x00000007d8500000)
 ParOldGen       total 82432K, used 15826K [0x0000000780000000, 0x0000000785080000, 0x00000007d5500000)
  object space 82432K, 19% used [0x0000000780000000,0x0000000780f74ad8,0x0000000785080000)
 PSPermGen       total 33792K, used 33402K [0x0000000775a00000, 0x0000000777b00000, 0x0000000780000000)
  object space 33792K, 98% used [0x0000000775a00000,0x0000000777a9e848,0x0000000777b00000)

Card table byte_map: [0x00007f59a058b000,0x00007f59a09df000] byte_map_base: 0x00007f599c9de000

Polling page: 0x00007f59aafda000

Code Cache  [0x00007f59a09df000, 0x00007f59a0cff000, 0x00007f59a39df000)
 total_blobs=1461 nmethods=827 adapters=585 free_code_cache=46084Kb largest_free_block=47119104

Compilation events (10 events):
Event: 2923,555 Thread 0x00007f59a40b3000 nmethod 940 0x00007f59a0c33590 code [0x00007f59a0c33700, 0x00007f59a0c338c8]
Event: 2923,569 Thread 0x00007f59a40b6000 nmethod 939 0x00007f59a0ccf610 code [0x00007f59a0ccfa20, 0x00007f59a0cd19a0]
Event: 2924,878 Thread 0x00007f59a40b3000  941             java.awt.Container::hasHeavyweightDescendants (17 bytes)
Event: 2924,879 Thread 0x00007f59a40b3000 nmethod 941 0x00007f59a0c3c0d0 code [0x00007f59a0c3c220, 0x00007f59a0c3c2e8]
Event: 2924,904 Thread 0x00007f59a40b6000  942             java.awt.AWTEventMulticaster::addInternal (22 bytes)
Event: 2924,906 Thread 0x00007f59a40b6000 nmethod 942 0x00007f59a0c331d0 code [0x00007f59a0c33320, 0x00007f59a0c33418]
Event: 2924,911 Thread 0x00007f59a40b3000  943   !         java.util.WeakHashMap::expungeStaleEntries (139 bytes)
Event: 2924,922 Thread 0x00007f59a40b3000 nmethod 943 0x00007f59a0caea10 code [0x00007f59a0caeba0, 0x00007f59a0caf5f8]
Event: 3089,474 Thread 0x00007f59a40b6000  944             java.util.WeakHashMap::indexFor (6 bytes)
Event: 3089,474 Thread 0x00007f59a40b6000 nmethod 944 0x00007f59a0a42110 code [0x00007f59a0a42240, 0x00007f59a0a42278]

GC Heap History (10 events):
Event: 598,946 GC heap before
{Heap before GC invocations=7 (full 0):
 PSYoungGen      total 37888K, used 37878K [0x00000007d5500000, 0x00000007d9600000, 0x0000000800000000)
  eden space 30208K, 100% used [0x00000007d5500000,0x00000007d7280000,0x00000007d7280000)
  from space 7680K, 99% used [0x00000007d8e80000,0x00000007d95fdbe8,0x00000007d9600000)
  to   space 9728K, 0% used [0x00000007d8300000,0x00000007d8300000,0x00000007d8c80000)
 ParOldGen       total 82432K, used 7291K [0x0000000780000000, 0x0000000785080000, 0x00000007d5500000)
  object space 82432K, 8% used [0x0000000780000000,0x000000078071ed70,0x0000000785080000)
 PSPermGen       total 32768K, used 32369K [0x0000000775a00000, 0x0000000777a00000, 0x0000000780000000)
  object space 32768K, 98% used [0x0000000775a00000,0x000000077799c590,0x0000000777a00000)
Event: 598,964 GC heap after
Heap after GC invocations=7 (full 0):
 PSYoungGen      total 36352K, used 6574K [0x00000007d5500000, 0x00000007d8f00000, 0x0000000800000000)
  eden space 29696K, 0% used [0x00000007d5500000,0x00000007d5500000,0x00000007d7200000)
  from space 6656K, 98% used [0x00000007d8300000,0x00000007d896b890,0x00000007d8980000)
  to   space 5632K, 0% used [0x00000007d8980000,0x00000007d8980000,0x00000007d8f00000)
 ParOldGen       total 82432K, used 8481K [0x0000000780000000, 0x0000000785080000, 0x00000007d5500000)
  object space 82432K, 10% used [0x0000000780000000,0x00000007808486d8,0x0000000785080000)
 PSPermGen       total 32768K, used 32369K [0x0000000775a00000, 0x0000000777a00000, 0x0000000780000000)
  object space 32768K, 98% used [0x0000000775a00000,0x000000077799c590,0x0000000777a00000)
}
Event: 961,888 GC heap before
{Heap before GC invocations=8 (full 0):
 PSYoungGen      total 36352K, used 36270K [0x00000007d5500000, 0x00000007d8f00000, 0x0000000800000000)
  eden space 29696K, 100% used [0x00000007d5500000,0x00000007d7200000,0x00000007d7200000)
  from space 6656K, 98% used [0x00000007d8300000,0x00000007d896b890,0x00000007d8980000)
  to   space 5632K, 0% used [0x00000007d8980000,0x00000007d8980000,0x00000007d8f00000)
 ParOldGen       total 82432K, used 8481K [0x0000000780000000, 0x0000000785080000, 0x00000007d5500000)
  object space 82432K, 10% used [0x0000000780000000,0x00000007808486d8,0x0000000785080000)
 PSPermGen       total 32768K, used 32416K [0x0000000775a00000, 0x0000000777a00000, 0x0000000780000000)
  object space 32768K, 98% used [0x0000000775a00000,0x00000007779a8190,0x0000000777a00000)
Event: 961,898 GC heap after
Heap after GC invocations=8 (full 0):
 PSYoungGen      total 33280K, used 3712K [0x00000007d5500000, 0x00000007d8d80000, 0x0000000800000000)
  eden space 29184K, 0% used [0x00000007d5500000,0x00000007d5500000,0x00000007d7180000)
  from space 4096K, 90% used [0x00000007d8980000,0x00000007d8d20000,0x00000007d8d80000)
  to   space 9728K, 0% used [0x00000007d7a80000,0x00000007d7a80000,0x00000007d8400000)
 ParOldGen       total 82432K, used 11038K [0x0000000780000000, 0x0000000785080000, 0x00000007d5500000)
  object space 82432K, 13% used [0x0000000780000000,0x0000000780ac7a40,0x0000000785080000)
 PSPermGen       total 32768K, used 32416K [0x0000000775a00000, 0x0000000777a00000, 0x0000000780000000)
  object space 32768K, 98% used [0x0000000775a00000,0x00000007779a8190,0x0000000777a00000)
}
Event: 1006,775 GC heap before
{Heap before GC invocations=9 (full 0):
 PSYoungGen      total 33280K, used 32896K [0x00000007d5500000, 0x00000007d8d80000, 0x0000000800000000)
  eden space 29184K, 100% used [0x00000007d5500000,0x00000007d7180000,0x00000007d7180000)
  from space 4096K, 90% used [0x00000007d8980000,0x00000007d8d20000,0x00000007d8d80000)
  to   space 9728K, 0% used [0x00000007d7a80000,0x00000007d7a80000,0x00000007d8400000)
 ParOldGen       total 82432K, used 11038K [0x0000000780000000, 0x0000000785080000, 0x00000007d5500000)
  object space 82432K, 13% used [0x0000000780000000,0x0000000780ac7a40,0x0000000785080000)
 PSPermGen       total 33280K, used 32988K [0x0000000775a00000, 0x0000000777a80000, 0x0000000780000000)
  object space 33280K, 99% used [0x0000000775a00000,0x0000000777a37388,0x0000000777a80000)
Event: 1006,781 GC heap after
Heap after GC invocations=9 (full 0):
 PSYoungGen      total 30208K, used 1346K [0x00000007d5500000, 0x00000007d8a00000, 0x0000000800000000)
  eden space 28672K, 0% used [0x00000007d5500000,0x00000007d5500000,0x00000007d7100000)
  from space 1536K, 87% used [0x00000007d7a80000,0x00000007d7bd0b38,0x00000007d7c00000)
  to   space 10240K, 0% used [0x00000007d8000000,0x00000007d8000000,0x00000007d8a00000)
 ParOldGen       total 82432K, used 14192K [0x0000000780000000, 0x0000000785080000, 0x00000007d5500000)
  object space 82432K, 17% used [0x0000000780000000,0x0000000780ddc3c0,0x0000000785080000)
 PSPermGen       total 33280K, used 32988K [0x0000000775a00000, 0x0000000777a80000, 0x0000000780000000)
  object space 33280K, 99% used [0x0000000775a00000,0x0000000777a37388,0x0000000777a80000)
}
Event: 1159,190 GC heap before
{Heap before GC invocations=10 (full 0):
 PSYoungGen      total 30208K, used 30018K [0x00000007d5500000, 0x00000007d8a00000, 0x0000000800000000)
  eden space 28672K, 100% used [0x00000007d5500000,0x00000007d7100000,0x00000007d7100000)
  from space 1536K, 87% used [0x00000007d7a80000,0x00000007d7bd0b38,0x00000007d7c00000)
  to   space 10240K, 0% used [0x00000007d8000000,0x00000007d8000000,0x00000007d8a00000)
 ParOldGen       total 82432K, used 14192K [0x0000000780000000, 0x0000000785080000, 0x00000007d5500000)
  object space 82432K, 17% used [0x0000000780000000,0x0000000780ddc3c0,0x0000000785080000)
 PSPermGen       total 33280K, used 33035K [0x0000000775a00000, 0x0000000777a80000, 0x0000000780000000)
  object space 33280K, 99% used [0x0000000775a00000,0x0000000777a42f50,0x0000000777a80000)
Event: 1159,195 GC heap after
Heap after GC invocations=10 (full 0):
 PSYoungGen      total 32768K, used 1704K [0x00000007d5500000, 0x00000007d8480000, 0x0000000800000000)
  eden space 28160K, 0% used [0x00000007d5500000,0x00000007d5500000,0x00000007d7080000)
  from space 4608K, 36% used [0x00000007d8000000,0x00000007d81aa098,0x00000007d8480000)
  to   space 10240K, 0% used [0x00000007d7080000,0x00000007d7080000,0x00000007d7a80000)
 ParOldGen       total 82432K, used 14404K [0x0000000780000000, 0x0000000785080000, 0x00000007d5500000)
  object space 82432K, 17% used [0x0000000780000000,0x0000000780e113d0,0x0000000785080000)
 PSPermGen       total 33280K, used 33035K [0x0000000775a00000, 0x0000000777a80000, 0x0000000780000000)
  object space 33280K, 99% used [0x0000000775a00000,0x0000000777a42f50,0x0000000777a80000)
}
Event: 1222,409 GC heap before
{Heap before GC invocations=11 (full 0):
 PSYoungGen      total 32768K, used 29864K [0x00000007d5500000, 0x00000007d8480000, 0x0000000800000000)
  eden space 28160K, 100% used [0x00000007d5500000,0x00000007d7080000,0x00000007d7080000)
  from space 4608K, 36% used [0x00000007d8000000,0x00000007d81aa098,0x00000007d8480000)
  to   space 10240K, 0% used [0x00000007d7080000,0x00000007d7080000,0x00000007d7a80000)
 ParOldGen       total 82432K, used 14404K [0x0000000780000000, 0x0000000785080000, 0x00000007d5500000)
  object space 82432K, 17% used [0x0000000780000000,0x0000000780e113d0,0x0000000785080000)
 PSPermGen       total 33792K, used 33349K [0x0000000775a00000, 0x0000000777b00000, 0x0000000780000000)
  object space 33792K, 98% used [0x0000000775a00000,0x0000000777a91488,0x0000000777b00000)
Event: 1222,413 GC heap after
Heap after GC invocations=11 (full 0):
 PSYoungGen      total 37888K, used 576K [0x00000007d5500000, 0x00000007d8500000, 0x0000000800000000)
  eden space 27648K, 0% used [0x00000007d5500000,0x00000007d5500000,0x00000007d7000000)
  from space 10240K, 5% used [0x00000007d7080000,0x00000007d7110000,0x00000007d7a80000)
  to   space 10752K, 0% used [0x00000007d7a80000,0x00000007d7a80000,0x00000007d8500000)
 ParOldGen       total 82432K, used 15826K [0x0000000780000000, 0x0000000785080000, 0x00000007d5500000)
  object space 82432K, 19% used [0x0000000780000000,0x0000000780f74ad8,0x0000000785080000)
 PSPermGen       total 33792K, used 33349K [0x0000000775a00000, 0x0000000777b00000, 0x0000000780000000)
  object space 33792K, 98% used [0x0000000775a00000,0x0000000777a91488,0x0000000777b00000)
}

Deoptimization events (10 events):
Event: 1249,618 Thread 0x00007f59a48a6000 Uncommon trap: reason=unstable_if action=reinterpret pc=0x00007f59a0bf154c method=java.awt.Component.processEvent(Ljava/awt/AWTEvent;)V @ 113
Event: 1249,894 Thread 0x00007f59a48a6000 Uncommon trap: reason=class_check action=maybe_recompile pc=0x00007f59a0c069d4 method=java.awt.Toolkit.notifyAWTEventListeners(Ljava/awt/AWTEvent;)V @ 30
Event: 1254,541 Thread 0x00007f59a4846000 Uncommon trap: reason=unstable_if action=reinterpret pc=0x00007f59a0a493f0 method=sun.awt.SunToolkit.getAppContext(Ljava/lang/Object;)Lsun/awt/AppContext; @ 4
Event: 1254,542 Thread 0x00007f59a4846000 Uncommon trap: reason=unstable_if action=reinterpret pc=0x00007f59a0a49768 method=sun.awt.SunToolkit.getAppContext(Ljava/lang/Object;)Lsun/awt/AppContext; @ 4
Event: 1254,542 Thread 0x00007f59a48a6000 Uncommon trap: reason=unstable_if action=reinterpret pc=0x00007f59a0a697c0 method=java.util.TreeMap.getEntry(Ljava/lang/Object;)Ljava/util/TreeMap$Entry; @ 4
Event: 2835,338 Thread 0x00007f59a4846000 Uncommon trap: reason=class_check action=maybe_recompile pc=0x00007f59a0c834fc method=sun.awt.X11.XToolkit.dispatchEvent(Lsun/awt/X11/XEvent;)V @ 159
Event: 2907,329 Thread 0x00007f59a48a6000 Uncommon trap: reason=unstable_if action=reinterpret pc=0x00007f59a0b680d8 method=sun.swing.SwingUtilities2.stringWidth(Ljavax/swing/JComponent;Ljava/awt/FontMetrics;Ljava/lang/String;)I @ 16
Event: 2907,332 Thread 0x00007f59a48a6000 Uncommon trap: reason=unstable_if action=reinterpret pc=0x00007f59a0bc3778 method=sun.java2d.SunGraphics2D.hitClip(IIII)Z @ 6
Event: 2915,139 Thread 0x00007f59a48a6000 Uncommon trap: reason=bimorphic action=maybe_recompile pc=0x00007f59a0b6c530 method=sun.awt.im.InputMethodContext.dispatchEvent(Ljava/awt/AWTEvent;)V @ 14
Event: 3089,466 Thread 0x00007f59a4846000 Uncommon trap: reason=bimorphic action=maybe_recompile pc=0x00007f59a0b21a3c method=sun.awt.X11.XBaseWindow.dispatchEvent(Lsun/awt/X11/XEvent;)V @ 262

Internal exceptions (10 events):
Event: 2924,904 Thread 0x00007f59a48a6000 Threw 0x00000007d68061b0 at /build/openjdk-7-HVzwJZ/openjdk-7-7u95-2.6.4/build/openjdk/hotspot/src/share/vm/prims/jni.cpp:747
Event: 2924,904 Thread 0x00007f59a48a6000 Threw 0x00000007d6806740 at /build/openjdk-7-HVzwJZ/openjdk-7-7u95-2.6.4/build/openjdk/hotspot/src/share/vm/prims/jni.cpp:747
Event: 2924,904 Thread 0x00007f59a48a6000 Threw 0x00000007d6806ad8 at /build/openjdk-7-HVzwJZ/openjdk-7-7u95-2.6.4/build/openjdk/hotspot/src/share/vm/prims/jni.cpp:747
Event: 2924,931 Thread 0x00007f59a48a6000 Threw 0x00000007d6b1f7b8 at /build/openjdk-7-HVzwJZ/openjdk-7-7u95-2.6.4/build/openjdk/hotspot/src/share/vm/prims/jvm.cpp:1322
Event: 2924,931 Thread 0x00007f59a48a6000 Threw 0x00000007d6b20678 at /build/openjdk-7-HVzwJZ/openjdk-7-7u95-2.6.4/build/openjdk/hotspot/src/share/vm/prims/jvm.cpp:1322
Event: 2924,931 Thread 0x00007f59a48a6000 Threw 0x00000007d6b208f8 at /build/openjdk-7-HVzwJZ/openjdk-7-7u95-2.6.4/build/openjdk/hotspot/src/share/vm/classfile/systemDictionary.cpp:185
Event: 2924,934 Thread 0x00007f59a48a6000 Threw 0x00000007d6b35138 at /build/openjdk-7-HVzwJZ/openjdk-7-7u95-2.6.4/build/openjdk/hotspot/src/share/vm/prims/jni.cpp:747
Event: 2924,934 Thread 0x00007f59a48a6000 Threw 0x00000007d6b353c0 at /build/openjdk-7-HVzwJZ/openjdk-7-7u95-2.6.4/build/openjdk/hotspot/src/share/vm/prims/jni.cpp:747
Event: 2924,934 Thread 0x00007f59a48a6000 Threw 0x00000007d6b35850 at /build/openjdk-7-HVzwJZ/openjdk-7-7u95-2.6.4/build/openjdk/hotspot/src/share/vm/prims/jni.cpp:747
Event: 2924,934 Thread 0x00007f59a48a6000 Threw 0x00000007d6b35ae8 at /build/openjdk-7-HVzwJZ/openjdk-7-7u95-2.6.4/build/openjdk/hotspot/src/share/vm/prims/jni.cpp:747

Events (10 events):
Event: 2924,898 loading class 0x00007f5924136f60 done
Event: 2924,909 Executing VM operation: BulkRevokeBias
Event: 2924,909 Executing VM operation: BulkRevokeBias done
Event: 2924,931 loading class 0x00007f5924136f60
Event: 2924,931 loading class 0x00007f5924136f60 done
Event: 2924,931 loading class 0x00007f5924136f60
Event: 2924,931 loading class 0x00007f5924136f60 done
Event: 3089,466 Thread 0x00007f59a4846000 Uncommon trap: trap_request=0xffffffc6 fr.pc=0x00007f59a0b21a3c
Event: 3089,466 Thread 0x00007f59a4846000 DEOPT PACKING pc=0x00007f59a0b21a3c sp=0x00007f59854a48a0
Event: 3089,466 Thread 0x00007f59a4846000 DEOPT UNPACKING pc=0x00007f59a0a18445 sp=0x00007f59854a4868 mode 2


Dynamic libraries:
00400000-00401000 r-xp 00000000 08:01 10098013                           /usr/lib/jvm/java-7-openjdk-amd64/jre/bin/java
00600000-00601000 r--p 00000000 08:01 10098013                           /usr/lib/jvm/java-7-openjdk-amd64/jre/bin/java
00601000-00602000 rw-p 00001000 08:01 10098013                           /usr/lib/jvm/java-7-openjdk-amd64/jre/bin/java
00b56000-00b77000 rw-p 00000000 00:00 0                                  [heap]
775a00000-777b00000 rw-p 00000000 00:00 0 
777b00000-780000000 rw-p 00000000 00:00 0 
780000000-785080000 rw-p 00000000 00:00 0 
785080000-7d5500000 rw-p 00000000 00:00 0 
7d5500000-7d8500000 rw-p 00000000 00:00 0 
7d8500000-7d9c00000 ---p 00000000 00:00 0 
7d9c00000-800000000 rw-p 00000000 00:00 0 
7f591c000000-7f591c021000 rw-p 00000000 00:00 0 
7f591c021000-7f5920000000 ---p 00000000 00:00 0 
7f5924000000-7f59241b9000 rw-p 00000000 00:00 0 
7f59241b9000-7f5928000000 ---p 00000000 00:00 0 
7f5928000000-7f5928021000 rw-p 00000000 00:00 0 
7f5928021000-7f592c000000 ---p 00000000 00:00 0 
7f592c000000-7f592c05f000 rw-p 00000000 00:00 0 
7f592c05f000-7f5930000000 ---p 00000000 00:00 0 
7f5930000000-7f5930021000 rw-p 00000000 00:00 0 
7f5930021000-7f5934000000 ---p 00000000 00:00 0 
7f5934000000-7f5934021000 rw-p 00000000 00:00 0 
7f5934021000-7f5938000000 ---p 00000000 00:00 0 
7f5938000000-7f593806f000 rw-p 00000000 00:00 0 
7f593806f000-7f593c000000 ---p 00000000 00:00 0 
7f593c000000-7f593c021000 rw-p 00000000 00:00 0 
7f593c021000-7f5940000000 ---p 00000000 00:00 0 
7f5940000000-7f5940022000 rw-p 00000000 00:00 0 
7f5940022000-7f5944000000 ---p 00000000 00:00 0 
7f5944000000-7f5944021000 rw-p 00000000 00:00 0 
7f5944021000-7f5948000000 ---p 00000000 00:00 0 
7f5948000000-7f5948021000 rw-p 00000000 00:00 0 
7f5948021000-7f594c000000 ---p 00000000 00:00 0 
7f594c000000-7f594d560000 rw-p 00000000 00:00 0 
7f594d560000-7f5950000000 ---p 00000000 00:00 0 
7f5950000000-7f59513dc000 rw-p 00000000 00:00 0 
7f59513dc000-7f5954000000 ---p 00000000 00:00 0 
7f5954000000-7f5954021000 rw-p 00000000 00:00 0 
7f5954021000-7f5958000000 ---p 00000000 00:00 0 
7f5958000000-7f5958021000 rw-p 00000000 00:00 0 
7f5958021000-7f595c000000 ---p 00000000 00:00 0 
7f595c000000-7f595c021000 rw-p 00000000 00:00 0 
7f595c021000-7f5960000000 ---p 00000000 00:00 0 
7f5963ad0000-7f5968000000 rw-p 00000000 00:00 0 
7f5968000000-7f5968021000 rw-p 00000000 00:00 0 
7f5968021000-7f596c000000 ---p 00000000 00:00 0 
7f596c000000-7f596c021000 rw-p 00000000 00:00 0 
7f596c021000-7f5970000000 ---p 00000000 00:00 0 
7f5970000000-7f5970021000 rw-p 00000000 00:00 0 
7f5970021000-7f5974000000 ---p 00000000 00:00 0 
7f5978000000-7f5978021000 rw-p 00000000 00:00 0 
7f5978021000-7f597c000000 ---p 00000000 00:00 0 
7f5980000000-7f5980021000 rw-p 00000000 00:00 0 
7f5980021000-7f5984000000 ---p 00000000 00:00 0 
7f5984c4b000-7f5984c4e000 ---p 00000000 00:00 0 
7f5984c4e000-7f5984d4c000 rw-p 00000000 00:00 0 
7f5984d4c000-7f5984d4f000 ---p 00000000 00:00 0 
7f5984d4f000-7f5984e4d000 rw-p 00000000 00:00 0                          [stack:4390]
7f5984e4d000-7f5984e50000 ---p 00000000 00:00 0 
7f5984e50000-7f5984f4e000 rw-p 00000000 00:00 0                          [stack:4384]
7f5984f4e000-7f5984fa0000 r-xp 00000000 08:01 10098033                   /usr/lib/jvm/java-7-openjdk-amd64/jre/lib/amd64/libfontmanager.so
7f5984fa0000-7f598519f000 ---p 00052000 08:01 10098033                   /usr/lib/jvm/java-7-openjdk-amd64/jre/lib/amd64/libfontmanager.so
7f598519f000-7f59851a2000 r--p 00051000 08:01 10098033                   /usr/lib/jvm/java-7-openjdk-amd64/jre/lib/amd64/libfontmanager.so
7f59851a2000-7f59851a3000 rw-p 00054000 08:01 10098033                   /usr/lib/jvm/java-7-openjdk-amd64/jre/lib/amd64/libfontmanager.so
7f59851a3000-7f59851a6000 ---p 00000000 00:00 0 
7f59851a6000-7f59852a4000 rw-p 00000000 00:00 0                          [stack:4383]
7f59852a4000-7f59852a7000 ---p 00000000 00:00 0 
7f59852a7000-7f59853a5000 rw-p 00000000 00:00 0 
7f59853a5000-7f59853a8000 ---p 00000000 00:00 0 
7f59853a8000-7f59854a6000 rw-p 00000000 00:00 0                          [stack:4381]
7f59854a6000-7f59854ab000 r-xp 00000000 08:01 9838392                    /usr/lib/x86_64-linux-gnu/libXfixes.so.3.1.0
7f59854ab000-7f59856aa000 ---p 00005000 08:01 9838392                    /usr/lib/x86_64-linux-gnu/libXfixes.so.3.1.0
7f59856aa000-7f59856ab000 r--p 00004000 08:01 9838392                    /usr/lib/x86_64-linux-gnu/libXfixes.so.3.1.0
7f59856ab000-7f59856ac000 rw-p 00005000 08:01 9838392                    /usr/lib/x86_64-linux-gnu/libXfixes.so.3.1.0
7f59856ac000-7f59856b5000 r-xp 00000000 08:01 9838384                    /usr/lib/x86_64-linux-gnu/libXcursor.so.1.0.2
7f59856b5000-7f59858b4000 ---p 00009000 08:01 9838384                    /usr/lib/x86_64-linux-gnu/libXcursor.so.1.0.2
7f59858b4000-7f59858b5000 r--p 00008000 08:01 9838384                    /usr/lib/x86_64-linux-gnu/libXcursor.so.1.0.2
7f59858b5000-7f59858b6000 rw-p 00009000 08:01 9838384                    /usr/lib/x86_64-linux-gnu/libXcursor.so.1.0.2
7f59858b6000-7f59858be000 r-xp 00000000 08:01 10098048                   /usr/lib/jvm/java-7-openjdk-amd64/jre/lib/amd64/libmanagement.so
7f59858be000-7f5985abd000 ---p 00008000 08:01 10098048                   /usr/lib/jvm/java-7-openjdk-amd64/jre/lib/amd64/libmanagement.so
7f5985abd000-7f5985abe000 r--p 00007000 08:01 10098048                   /usr/lib/jvm/java-7-openjdk-amd64/jre/lib/amd64/libmanagement.so
7f5985abe000-7f5985abf000 rw-p 00008000 08:01 10098048                   /usr/lib/jvm/java-7-openjdk-amd64/jre/lib/amd64/libmanagement.so
7f5985abf000-7f5985acf000 r-xp 00000000 08:01 10098057                   /usr/lib/jvm/java-7-openjdk-amd64/jre/lib/amd64/libnio.so
7f5985acf000-7f5985ccf000 ---p 00010000 08:01 10098057                   /usr/lib/jvm/java-7-openjdk-amd64/jre/lib/amd64/libnio.so
7f5985ccf000-7f5985cd0000 r--p 00010000 08:01 10098057                   /usr/lib/jvm/java-7-openjdk-amd64/jre/lib/amd64/libnio.so
7f5985cd0000-7f5985cd1000 rw-p 00011000 08:01 10098057                   /usr/lib/jvm/java-7-openjdk-amd64/jre/lib/amd64/libnio.so
7f5985cd1000-7f5985cd2000 ---p 00000000 00:00 0 
7f5985cd2000-7f59864d2000 rw-p 00000000 00:00 0                          [stack:4379]
7f59864d2000-7f59864d3000 ---p 00000000 00:00 0 
7f59864d3000-7f5986cd3000 rw-p 00000000 00:00 0                          [stack:4378]
7f5986cd3000-7f5986cde000 r-xp 00000000 08:01 10224707                   /usr/lib/x86_64-linux-gnu/gio/modules/libdconfsettings.so
7f5986cde000-7f5986ede000 ---p 0000b000 08:01 10224707                   /usr/lib/x86_64-linux-gnu/gio/modules/libdconfsettings.so
7f5986ede000-7f5986edf000 r--p 0000b000 08:01 10224707                   /usr/lib/x86_64-linux-gnu/gio/modules/libdconfsettings.so
7f5986edf000-7f5986ee0000 rw-p 0000c000 08:01 10224707                   /usr/lib/x86_64-linux-gnu/gio/modules/libdconfsettings.so
7f5986ee0000-7f5986ef7000 r-xp 00000000 08:01 10098035                   /usr/lib/jvm/java-7-openjdk-amd64/jre/lib/amd64/libnet.so
7f5986ef7000-7f59870f6000 ---p 00017000 08:01 10098035                   /usr/lib/jvm/java-7-openjdk-amd64/jre/lib/amd64/libnet.so
7f59870f6000-7f59870f7000 r--p 00016000 08:01 10098035                   /usr/lib/jvm/java-7-openjdk-amd64/jre/lib/amd64/libnet.so
7f59870f7000-7f59870f8000 rw-p 00017000 08:01 10098035                   /usr/lib/jvm/java-7-openjdk-amd64/jre/lib/amd64/libnet.so
7f59870f8000-7f59870fc000 r-xp 00000000 08:01 7606519                    /lib/x86_64-linux-gnu/libgpg-error.so.0.10.0
7f59870fc000-7f59872fb000 ---p 00004000 08:01 7606519                    /lib/x86_64-linux-gnu/libgpg-error.so.0.10.0
7f59872fb000-7f59872fc000 r--p 00003000 08:01 7606519                    /lib/x86_64-linux-gnu/libgpg-error.so.0.10.0
7f59872fc000-7f59872fd000 rw-p 00004000 08:01 7606519                    /lib/x86_64-linux-gnu/libgpg-error.so.0.10.0
7f59872fd000-7f59872ff000 r-xp 00000000 08:01 7606529                    /lib/x86_64-linux-gnu/libkeyutils.so.1.4
7f59872ff000-7f59874ff000 ---p 00002000 08:01 7606529                    /lib/x86_64-linux-gnu/libkeyutils.so.1.4
7f59874ff000-7f5987500000 r--p 00002000 08:01 7606529                    /lib/x86_64-linux-gnu/libkeyutils.so.1.4
7f5987500000-7f5987501000 rw-p 00003000 08:01 7606529                    /lib/x86_64-linux-gnu/libkeyutils.so.1.4
7f5987501000-7f598753e000 r-xp 00000000 08:01 7606589                    /lib/x86_64-linux-gnu/libpcre.so.3.13.1
7f598753e000-7f598773d000 ---p 0003d000 08:01 7606589                    /lib/x86_64-linux-gnu/libpcre.so.3.13.1
7f598773d000-7f598773e000 r--p 0003c000 08:01 7606589                    /lib/x86_64-linux-gnu/libpcre.so.3.13.1
7f598773e000-7f598773f000 rw-p 0003d000 08:01 7606589                    /lib/x86_64-linux-gnu/libpcre.so.3.13.1
7f598773f000-7f5987764000 r-xp 00000000 08:01 7606601                    /lib/x86_64-linux-gnu/libpng12.so.0.50.0
7f5987764000-7f5987963000 ---p 00025000 08:01 7606601                    /lib/x86_64-linux-gnu/libpng12.so.0.50.0
7f5987963000-7f5987964000 r--p 00024000 08:01 7606601                    /lib/x86_64-linux-gnu/libpng12.so.0.50.0
7f5987964000-7f5987965000 rw-p 00025000 08:01 7606601                    /lib/x86_64-linux-gnu/libpng12.so.0.50.0
7f5987965000-7f59879a9000 r-xp 00000000 08:01 7606500                    /lib/x86_64-linux-gnu/libdbus-1.so.3.7.6
7f59879a9000-7f5987ba8000 ---p 00044000 08:01 7606500                    /lib/x86_64-linux-gnu/libdbus-1.so.3.7.6
7f5987ba8000-7f5987ba9000 r--p 00043000 08:01 7606500                    /lib/x86_64-linux-gnu/libdbus-1.so.3.7.6
7f5987ba9000-7f5987baa000 rw-p 00044000 08:01 7606500                    /lib/x86_64-linux-gnu/libdbus-1.so.3.7.6
7f5987baa000-7f5987be5000 r-xp 00000000 08:01 9839108                    /usr/lib/x86_64-linux-gnu/libp11-kit.so.0.0.0
7f5987be5000-7f5987de4000 ---p 0003b000 08:01 9839108                    /usr/lib/x86_64-linux-gnu/libp11-kit.so.0.0.0
7f5987de4000-7f5987dea000 r--p 0003a000 08:01 9839108                    /usr/lib/x86_64-linux-gnu/libp11-kit.so.0.0.0
7f5987dea000-7f5987dec000 rw-p 00040000 08:01 9839108                    /usr/lib/x86_64-linux-gnu/libp11-kit.so.0.0.0
7f5987dec000-7f5987dfe000 r-xp 00000000 08:01 9839291                    /usr/lib/x86_64-linux-gnu/libtasn1.so.6.2.0
7f5987dfe000-7f5987ffe000 ---p 00012000 08:01 9839291                    /usr/lib/x86_64-linux-gnu/libtasn1.so.6.2.0
7f5987ffe000-7f5987fff000 r--p 00012000 08:01 9839291                    /usr/lib/x86_64-linux-gnu/libtasn1.so.6.2.0
7f5987fff000-7f5988000000 rw-p 00013000 08:01 9839291                    /usr/lib/x86_64-linux-gnu/libtasn1.so.6.2.0
7f5988000000-7f5988021000 rw-p 00000000 00:00 0 
7f5988021000-7f598c000000 ---p 00000000 00:00 0 
7f598c043000-7f598c046000 ---p 00000000 00:00 0 
7f598c046000-7f598c144000 rw-p 00000000 00:00 0                          [stack:4380]
7f598c144000-7f598c1c0000 r-xp 00000000 08:01 7606515                    /lib/x86_64-linux-gnu/libgcrypt.so.11.8.2
7f598c1c0000-7f598c3c0000 ---p 0007c000 08:01 7606515                    /lib/x86_64-linux-gnu/libgcrypt.so.11.8.2
7f598c3c0000-7f598c3c1000 r--p 0007c000 08:01 7606515                    /lib/x86_64-linux-gnu/libgcrypt.so.11.8.2
7f598c3c1000-7f598c3c4000 rw-p 0007d000 08:01 7606515                    /lib/x86_64-linux-gnu/libgcrypt.so.11.8.2
7f598c3c4000-7f598c3ce000 r-xp 00000000 08:01 9838991                    /usr/lib/x86_64-linux-gnu/libkrb5support.so.0.1
7f598c3ce000-7f598c5cd000 ---p 0000a000 08:01 9838991                    /usr/lib/x86_64-linux-gnu/libkrb5support.so.0.1
7f598c5cd000-7f598c5ce000 r--p 00009000 08:01 9838991                    /usr/lib/x86_64-linux-gnu/libkrb5support.so.0.1
7f598c5ce000-7f598c5cf000 rw-p 0000a000 08:01 9838991                    /usr/lib/x86_64-linux-gnu/libkrb5support.so.0.1
7f598c5cf000-7f598c5d2000 r-xp 00000000 08:01 7606495                    /lib/x86_64-linux-gnu/libcom_err.so.2.1
7f598c5d2000-7f598c7d1000 ---p 00003000 08:01 7606495                    /lib/x86_64-linux-gnu/libcom_err.so.2.1
7f598c7d1000-7f598c7d2000 r--p 00002000 08:01 7606495                    /lib/x86_64-linux-gnu/libcom_err.so.2.1
7f598c7d2000-7f598c7d3000 rw-p 00003000 08:01 7606495                    /lib/x86_64-linux-gnu/libcom_err.so.2.1
7f598c7d3000-7f598c7ff000 r-xp 00000000 08:01 9838985                    /usr/lib/x86_64-linux-gnu/libk5crypto.so.3.1
7f598c7ff000-7f598c9fe000 ---p 0002c000 08:01 9838985                    /usr/lib/x86_64-linux-gnu/libk5crypto.so.3.1
7f598c9fe000-7f598ca00000 r--p 0002b000 08:01 9838985                    /usr/lib/x86_64-linux-gnu/libk5crypto.so.3.1
7f598ca00000-7f598ca01000 rw-p 0002d000 08:01 9838985                    /usr/lib/x86_64-linux-gnu/libk5crypto.so.3.1
7f598ca01000-7f598ca02000 rw-p 00000000 00:00 0 
7f598ca02000-7f598cabe000 r-xp 00000000 08:01 9838989                    /usr/lib/x86_64-linux-gnu/libkrb5.so.3.3
7f598cabe000-7f598ccbe000 ---p 000bc000 08:01 9838989                    /usr/lib/x86_64-linux-gnu/libkrb5.so.3.3
7f598ccbe000-7f598cccb000 r--p 000bc000 08:01 9838989                    /usr/lib/x86_64-linux-gnu/libkrb5.so.3.3
7f598cccb000-7f598cccd000 rw-p 000c9000 08:01 9838989                    /usr/lib/x86_64-linux-gnu/libkrb5.so.3.3
7f598cccd000-7f598ccd2000 r-xp 00000000 08:01 9838388                    /usr/lib/x86_64-linux-gnu/libXdmcp.so.6.0.0
7f598ccd2000-7f598ced1000 ---p 00005000 08:01 9838388                    /usr/lib/x86_64-linux-gnu/libXdmcp.so.6.0.0
7f598ced1000-7f598ced2000 r--p 00004000 08:01 9838388                    /usr/lib/x86_64-linux-gnu/libXdmcp.so.6.0.0
7f598ced2000-7f598ced3000 rw-p 00005000 08:01 9838388                    /usr/lib/x86_64-linux-gnu/libXdmcp.so.6.0.0
7f598ced3000-7f598ced5000 r-xp 00000000 08:01 9838377                    /usr/lib/x86_64-linux-gnu/libXau.so.6.0.0
7f598ced5000-7f598d0d5000 ---p 00002000 08:01 9838377                    /usr/lib/x86_64-linux-gnu/libXau.so.6.0.0
7f598d0d5000-7f598d0d6000 r--p 00002000 08:01 9838377                    /usr/lib/x86_64-linux-gnu/libXau.so.6.0.0
7f598d0d6000-7f598d0d7000 rw-p 00003000 08:01 9838377                    /usr/lib/x86_64-linux-gnu/libXau.so.6.0.0
7f598d0d7000-7f598d0de000 r-xp 00000000 08:01 9838663                    /usr/lib/x86_64-linux-gnu/libffi.so.6.0.1
7f598d0de000-7f598d2dd000 ---p 00007000 08:01 9838663                    /usr/lib/x86_64-linux-gnu/libffi.so.6.0.1
7f598d2dd000-7f598d2de000 r--p 00006000 08:01 9838663                    /usr/lib/x86_64-linux-gnu/libffi.so.6.0.1
7f598d2de000-7f598d2df000 rw-p 00007000 08:01 9838663                    /usr/lib/x86_64-linux-gnu/libffi.so.6.0.1
7f598d2df000-7f598d2f6000 r-xp 00000000 08:01 7606612                    /lib/x86_64-linux-gnu/libresolv-2.19.so
7f598d2f6000-7f598d4f6000 ---p 00017000 08:01 7606612                    /lib/x86_64-linux-gnu/libresolv-2.19.so
7f598d4f6000-7f598d4f7000 r--p 00017000 08:01 7606612                    /lib/x86_64-linux-gnu/libresolv-2.19.so
7f598d4f7000-7f598d4f8000 rw-p 00018000 08:01 7606612                    /lib/x86_64-linux-gnu/libresolv-2.19.so
7f598d4f8000-7f598d4fa000 rw-p 00000000 00:00 0 
7f598d4fa000-7f598d51a000 r-xp 00000000 08:01 7606616                    /lib/x86_64-linux-gnu/libselinux.so.1
7f598d51a000-7f598d719000 ---p 00020000 08:01 7606616                    /lib/x86_64-linux-gnu/libselinux.so.1
7f598d719000-7f598d71a000 r--p 0001f000 08:01 7606616                    /lib/x86_64-linux-gnu/libselinux.so.1
7f598d71a000-7f598d71b000 rw-p 00020000 08:01 7606616                    /lib/x86_64-linux-gnu/libselinux.so.1
7f598d71b000-7f598d71d000 rw-p 00000000 00:00 0 
7f598d71d000-7f598d823000 r-xp 00000000 08:01 7606517                    /lib/x86_64-linux-gnu/libglib-2.0.so.0.4002.0
7f598d823000-7f598da22000 ---p 00106000 08:01 7606517                    /lib/x86_64-linux-gnu/libglib-2.0.so.0.4002.0
7f598da22000-7f598da23000 r--p 00105000 08:01 7606517                    /lib/x86_64-linux-gnu/libglib-2.0.so.0.4002.0
7f598da23000-7f598da24000 rw-p 00106000 08:01 7606517                    /lib/x86_64-linux-gnu/libglib-2.0.so.0.4002.0
7f598da24000-7f598da25000 rw-p 00000000 00:00 0 
7f598da25000-7f598da28000 r-xp 00000000 08:01 9838776                    /usr/lib/x86_64-linux-gnu/libgmodule-2.0.so.0.4002.0
7f598da28000-7f598dc27000 ---p 00003000 08:01 9838776                    /usr/lib/x86_64-linux-gnu/libgmodule-2.0.so.0.4002.0
7f598dc27000-7f598dc28000 r--p 00002000 08:01 9838776                    /usr/lib/x86_64-linux-gnu/libgmodule-2.0.so.0.4002.0
7f598dc28000-7f598dc29000 rw-p 00003000 08:01 9838776                    /usr/lib/x86_64-linux-gnu/libgmodule-2.0.so.0.4002.0
7f598dc29000-7f598dc50000 r-xp 00000000 08:01 7606508                    /lib/x86_64-linux-gnu/libexpat.so.1.6.0
7f598dc50000-7f598de50000 ---p 00027000 08:01 7606508                    /lib/x86_64-linux-gnu/libexpat.so.1.6.0
7f598de50000-7f598de52000 r--p 00027000 08:01 7606508                    /lib/x86_64-linux-gnu/libexpat.so.1.6.0
7f598de52000-7f598de53000 rw-p 00029000 08:01 7606508                    /lib/x86_64-linux-gnu/libexpat.so.1.6.0
7f598de53000-7f598def0000 r-xp 00000000 08:01 9838705                    /usr/lib/x86_64-linux-gnu/libfreetype.so.6.11.1
7f598def0000-7f598e0ef000 ---p 0009d000 08:01 9838705                    /usr/lib/x86_64-linux-gnu/libfreetype.so.6.11.1
7f598e0ef000-7f598e0f5000 r--p 0009c000 08:01 9838705                    /usr/lib/x86_64-linux-gnu/libfreetype.so.6.11.1
7f598e0f5000-7f598e0f6000 rw-p 000a2000 08:01 9838705                    /usr/lib/x86_64-linux-gnu/libfreetype.so.6.11.1
7f598e0f6000-7f598e105000 r-xp 00000000 08:01 9838483                    /usr/lib/x86_64-linux-gnu/libavahi-client.so.3.2.9
7f598e105000-7f598e305000 ---p 0000f000 08:01 9838483                    /usr/lib/x86_64-linux-gnu/libavahi-client.so.3.2.9
7f598e305000-7f598e306000 r--p 0000f000 08:01 9838483                    /usr/lib/x86_64-linux-gnu/libavahi-client.so.3.2.9
7f598e306000-7f598e307000 rw-p 00010000 08:01 9838483                    /usr/lib/x86_64-linux-gnu/libavahi-client.so.3.2.9
7f598e307000-7f598e312000 r-xp 00000000 08:01 9838485                    /usr/lib/x86_64-linux-gnu/libavahi-common.so.3.5.3
7f598e312000-7f598e511000 ---p 0000b000 08:01 9838485                    /usr/lib/x86_64-linux-gnu/libavahi-common.so.3.5.3
7f598e511000-7f598e512000 r--p 0000a000 08:01 9838485                    /usr/lib/x86_64-linux-gnu/libavahi-common.so.3.5.3
7f598e512000-7f598e513000 rw-p 0000b000 08:01 9838485                    /usr/lib/x86_64-linux-gnu/libavahi-common.so.3.5.3
7f598e513000-7f598e5ca000 r-xp 00000000 08:01 9830574                    /usr/lib/x86_64-linux-gnu/libgnutls.so.26.22.6
7f598e5ca000-7f598e7c9000 ---p 000b7000 08:01 9830574                    /usr/lib/x86_64-linux-gnu/libgnutls.so.26.22.6
7f598e7c9000-7f598e7cf000 r--p 000b6000 08:01 9830574                    /usr/lib/x86_64-linux-gnu/libgnutls.so.26.22.6
7f598e7cf000-7f598e7d0000 rw-p 000bc000 08:01 9830574                    /usr/lib/x86_64-linux-gnu/libgnutls.so.26.22.6
7f598e7d0000-7f598e7d1000 rw-p 00000000 00:00 0 
7f598e7d1000-7f598e815000 r-xp 00000000 08:01 9838819                    /usr/lib/x86_64-linux-gnu/libgssapi_krb5.so.2.2
7f598e815000-7f598ea15000 ---p 00044000 08:01 9838819                    /usr/lib/x86_64-linux-gnu/libgssapi_krb5.so.2.2
7f598ea15000-7f598ea16000 r--p 00044000 08:01 9838819                    /usr/lib/x86_64-linux-gnu/libgssapi_krb5.so.2.2
7f598ea16000-7f598ea18000 rw-p 00045000 08:01 9838819                    /usr/lib/x86_64-linux-gnu/libgssapi_krb5.so.2.2
7f598ea18000-7f598ea35000 r-xp 00000000 08:01 9839445                    /usr/lib/x86_64-linux-gnu/libxcb.so.1.1.0
7f598ea35000-7f598ec35000 ---p 0001d000 08:01 9839445                    /usr/lib/x86_64-linux-gnu/libxcb.so.1.1.0
7f598ec35000-7f598ec36000 r--p 0001d000 08:01 9839445                    /usr/lib/x86_64-linux-gnu/libxcb.so.1.1.0
7f598ec36000-7f598ec37000 rw-p 0001e000 08:01 9839445                    /usr/lib/x86_64-linux-gnu/libxcb.so.1.1.0
7f598ec37000-7f598ec86000 r-xp 00000000 08:01 9838792                    /usr/lib/x86_64-linux-gnu/libgobject-2.0.so.0.4002.0
7f598ec86000-7f598ee86000 ---p 0004f000 08:01 9838792                    /usr/lib/x86_64-linux-gnu/libgobject-2.0.so.0.4002.0
7f598ee86000-7f598ee87000 r--p 0004f000 08:01 9838792                    /usr/lib/x86_64-linux-gnu/libgobject-2.0.so.0.4002.0
7f598ee87000-7f598ee88000 rw-p 00050000 08:01 9838792                    /usr/lib/x86_64-linux-gnu/libgobject-2.0.so.0.4002.0
7f598ee88000-7f598eff4000 r-xp 00000000 08:01 9838764                    /usr/lib/x86_64-linux-gnu/libgio-2.0.so.0.4002.0
7f598eff4000-7f598f1f3000 ---p 0016c000 08:01 9838764                    /usr/lib/x86_64-linux-gnu/libgio-2.0.so.0.4002.0
7f598f1f3000-7f598f1f7000 r--p 0016b000 08:01 9838764                    /usr/lib/x86_64-linux-gnu/libgio-2.0.so.0.4002.0
7f598f1f7000-7f598f1f9000 rw-p 0016f000 08:01 9838764                    /usr/lib/x86_64-linux-gnu/libgio-2.0.so.0.4002.0
7f598f1f9000-7f598f1fb000 rw-p 00000000 00:00 0 
7f598f1fb000-7f598f235000 r-xp 00000000 08:01 9838677                    /usr/lib/x86_64-linux-gnu/libfontconfig.so.1.8.0
7f598f235000-7f598f434000 ---p 0003a000 08:01 9838677                    /usr/lib/x86_64-linux-gnu/libfontconfig.so.1.8.0
7f598f434000-7f598f436000 r--p 00039000 08:01 9838677                    /usr/lib/x86_64-linux-gnu/libfontconfig.so.1.8.0
7f598f436000-7f598f437000 rw-p 0003b000 08:01 9838677                    /usr/lib/x86_64-linux-gnu/libfontconfig.so.1.8.0
7f598f437000-7f598f4a3000 r-xp 00000000 08:01 9838568                    /usr/lib/x86_64-linux-gnu/libcups.so.2
7f598f4a3000-7f598f6a3000 ---p 0006c000 08:01 9838568                    /usr/lib/x86_64-linux-gnu/libcups.so.2
7f598f6a3000-7f598f6aa000 r--p 0006c000 08:01 9838568                    /usr/lib/x86_64-linux-gnu/libcups.so.2
7f598f6aa000-7f598f6ab000 rw-p 00073000 08:01 9838568                    /usr/lib/x86_64-linux-gnu/libcups.so.2
7f598f6ab000-7f598f6ba000 r-xp 00000000 08:01 9838398                    /usr/lib/x86_64-linux-gnu/libXi.so.6.1.0
7f598f6ba000-7f598f8b9000 ---p 0000f000 08:01 9838398                    /usr/lib/x86_64-linux-gnu/libXi.so.6.1.0
7f598f8b9000-7f598f8ba000 r--p 0000e000 08:01 9838398                    /usr/lib/x86_64-linux-gnu/libXi.so.6.1.0
7f598f8ba000-7f598f8bb000 rw-p 0000f000 08:01 9838398                    /usr/lib/x86_64-linux-gnu/libXi.so.6.1.0
7f598f8bb000-7f598f8c0000 r-xp 00000000 08:01 9838418                    /usr/lib/x86_64-linux-gnu/libXtst.so.6.1.0
7f598f8c0000-7f598fabf000 ---p 00005000 08:01 9838418                    /usr/lib/x86_64-linux-gnu/libXtst.so.6.1.0
7f598fabf000-7f598fac0000 r--p 00004000 08:01 9838418                    /usr/lib/x86_64-linux-gnu/libXtst.so.6.1.0
7f598fac0000-7f598fac1000 rw-p 00005000 08:01 9838418                    /usr/lib/x86_64-linux-gnu/libXtst.so.6.1.0
7f598fac1000-7f598faca000 r-xp 00000000 08:01 9838412                    /usr/lib/x86_64-linux-gnu/libXrender.so.1.3.0
7f598faca000-7f598fcc9000 ---p 00009000 08:01 9838412                    /usr/lib/x86_64-linux-gnu/libXrender.so.1.3.0
7f598fcc9000-7f598fcca000 r--p 00008000 08:01 9838412                    /usr/lib/x86_64-linux-gnu/libXrender.so.1.3.0
7f598fcca000-7f598fccb000 rw-p 00009000 08:01 9838412                    /usr/lib/x86_64-linux-gnu/libXrender.so.1.3.0
7f598fccb000-7f598fdfb000 r-xp 00000000 08:01 9838373                    /usr/lib/x86_64-linux-gnu/libX11.so.6.3.0
7f598fdfb000-7f598fffb000 ---p 00130000 08:01 9838373                    /usr/lib/x86_64-linux-gnu/libX11.so.6.3.0
7f598fffb000-7f598fffc000 r--p 00130000 08:01 9838373                    /usr/lib/x86_64-linux-gnu/libX11.so.6.3.0
7f598fffc000-7f5990000000 rw-p 00131000 08:01 9838373                    /usr/lib/x86_64-linux-gnu/libX11.so.6.3.0
7f5990000000-7f5990021000 rw-p 00000000 00:00 0 
7f5990021000-7f5994000000 ---p 00000000 00:00 0 
7f5994000000-7f5994021000 rw-p 00000000 00:00 0 
7f5994021000-7f5998000000 ---p 00000000 00:00 0 
7f5998000000-7f5998021000 rw-p 00000000 00:00 0 
7f5998021000-7f599c000000 ---p 00000000 00:00 0 
7f599c077000-7f599c080000 rw-s 00000000 00:05 4521992                    /SYSV00000000 (deleted)
7f599c080000-7f599c0b6000 rw-s 00000000 00:05 1671172                    /SYSV00000000 (deleted)
7f599c0b6000-7f599c0de000 r--s 00241000 08:01 6426209                    /home/gabi/Documents/MLIP/meka-release-1.9.0/lib/trove4j-3.0.3.jar
7f599c0de000-7f599c11f000 r--p 00000000 08:01 10891443                   /usr/share/glib-2.0/schemas/gschemas.compiled
7f599c11f000-7f599c150000 rw-p 00000000 00:00 0 
7f599c150000-7f599c161000 r-xp 00000000 08:01 9838390                    /usr/lib/x86_64-linux-gnu/libXext.so.6.4.0
7f599c161000-7f599c360000 ---p 00011000 08:01 9838390                    /usr/lib/x86_64-linux-gnu/libXext.so.6.4.0
7f599c360000-7f599c361000 r--p 00010000 08:01 9838390                    /usr/lib/x86_64-linux-gnu/libXext.so.6.4.0
7f599c361000-7f599c362000 rw-p 00011000 08:01 9838390                    /usr/lib/x86_64-linux-gnu/libXext.so.6.4.0
7f599c363000-7f599c367000 rw-s 00000000 00:05 4587527                    /SYSV00000000 (deleted)
7f599c367000-7f599c371000 r--s 000ae000 08:01 10098060                   /usr/lib/jvm/java-7-openjdk-amd64/jre/lib/resources.jar
7f599c371000-7f599c373000 r--s 00016000 08:01 6426201                    /home/gabi/Documents/MLIP/meka-release-1.9.0/lib/java-cup-0.11a.jar
7f599c373000-7f599c379000 r--s 00056000 08:01 6426205                    /home/gabi/Documents/MLIP/meka-release-1.9.0/lib/mulan-1.4.0.jar
7f599c379000-7f599c37d000 r--p 00000000 08:01 6167804                    /home/gabi/.config/dconf/user (deleted)
7f599c37d000-7f599c3c5000 r-xp 00000000 08:01 10892991                   /usr/lib/jvm/java-7-openjdk-amd64/jre/lib/amd64/xawt/libmawt.so
7f599c3c5000-7f599c5c4000 ---p 00048000 08:01 10892991                   /usr/lib/jvm/java-7-openjdk-amd64/jre/lib/amd64/xawt/libmawt.so
7f599c5c4000-7f599c5c5000 r--p 00047000 08:01 10892991                   /usr/lib/jvm/java-7-openjdk-amd64/jre/lib/amd64/xawt/libmawt.so
7f599c5c5000-7f599c5c8000 rw-p 00048000 08:01 10892991                   /usr/lib/jvm/java-7-openjdk-amd64/jre/lib/amd64/xawt/libmawt.so
7f599c5c8000-7f599c5c9000 rw-p 00000000 00:00 0 
7f599c5c9000-7f599c669000 r-xp 00000000 08:01 10098032                   /usr/lib/jvm/java-7-openjdk-amd64/jre/lib/amd64/libawt.so
7f599c669000-7f599c869000 ---p 000a0000 08:01 10098032                   /usr/lib/jvm/java-7-openjdk-amd64/jre/lib/amd64/libawt.so
7f599c869000-7f599c86a000 r--p 000a0000 08:01 10098032                   /usr/lib/jvm/java-7-openjdk-amd64/jre/lib/amd64/libawt.so
7f599c86a000-7f599c875000 rw-p 000a1000 08:01 10098032                   /usr/lib/jvm/java-7-openjdk-amd64/jre/lib/amd64/libawt.so
7f599c875000-7f599c89a000 rw-p 00000000 00:00 0 
7f599c89a000-7f599c8e6000 r--s 006c4000 08:01 6426200                    /home/gabi/Documents/MLIP/meka-release-1.9.0/lib/weka-dev-3.7.12.jar
7f599c8e6000-7f599c8e7000 ---p 00000000 00:00 0 
7f599c8e7000-7f599c9e7000 rw-p 00000000 00:00 0                          [stack:4377]
7f599c9e7000-7f599c9ea000 ---p 00000000 00:00 0 
7f599c9ea000-7f599cae8000 rw-p 00000000 00:00 0                          [stack:4376]
7f599cae8000-7f599caeb000 ---p 00000000 00:00 0 
7f599caeb000-7f599cbe9000 rw-p 00000000 00:00 0                          [stack:4375]
7f599cbe9000-7f599cbec000 ---p 00000000 00:00 0 
7f599cbec000-7f599ccea000 rw-p 00000000 00:00 0                          [stack:4374]
7f599ccea000-7f599cced000 ---p 00000000 00:00 0 
7f599cced000-7f599cdeb000 rw-p 00000000 00:00 0                          [stack:4373]
7f599cdeb000-7f599d4ce000 r--p 00000000 08:01 9837377                    /usr/lib/locale/locale-archive
7f599d4ce000-7f599d4d1000 ---p 00000000 00:00 0 
7f599d4d1000-7f599d5cf000 rw-p 00000000 00:00 0                          [stack:4372]
7f599d5cf000-7f599d5d2000 ---p 00000000 00:00 0 
7f599d5d2000-7f599d6d0000 rw-p 00000000 00:00 0                          [stack:4371]
7f599d6d0000-7f599d6d1000 ---p 00000000 00:00 0 
7f599d6d1000-7f599f45e000 rw-p 00000000 00:00 0                          [stack:4370]
7f599f45e000-7f599f60f000 r--s 01d30000 08:01 10098071                   /usr/lib/jvm/java-7-openjdk-amd64/jre/lib/rt.jar
7f599f60f000-7f599fad8000 rw-p 00000000 00:00 0 
7f599fad8000-7f599fad9000 ---p 00000000 00:00 0 
7f599fad9000-7f599fbd9000 rw-p 00000000 00:00 0                          [stack:4369]
7f599fbd9000-7f599fbda000 ---p 00000000 00:00 0 
7f599fbda000-7f599fcda000 rw-p 00000000 00:00 0                          [stack:4368]
7f599fcda000-7f599fcdb000 ---p 00000000 00:00 0 
7f599fcdb000-7f599fddb000 rw-p 00000000 00:00 0                          [stack:4367]
7f599fddb000-7f599fddc000 ---p 00000000 00:00 0 
7f599fddc000-7f599fedc000 rw-p 00000000 00:00 0                          [stack:4366]
7f599fedc000-7f599fedd000 ---p 00000000 00:00 0 
7f599fedd000-7f599ffdd000 rw-p 00000000 00:00 0                          [stack:4365]
7f599ffdd000-7f599ffde000 ---p 00000000 00:00 0 
7f599ffde000-7f59a00de000 rw-p 00000000 00:00 0                          [stack:4364]
7f59a00de000-7f59a00df000 ---p 00000000 00:00 0 
7f59a00df000-7f59a01df000 rw-p 00000000 00:00 0                          [stack:4363]
7f59a01df000-7f59a01e0000 ---p 00000000 00:00 0 
7f59a01e0000-7f59a0309000 rw-p 00000000 00:00 0                          [stack:4362]
7f59a0309000-7f59a058b000 rw-p 00000000 00:00 0 
7f59a058b000-7f59a059c000 rw-p 00000000 00:00 0 
7f59a059c000-7f59a05de000 rw-p 00000000 00:00 0 
7f59a05de000-7f59a0607000 rw-p 00000000 00:00 0 
7f59a0607000-7f59a0888000 rw-p 00000000 00:00 0 
7f59a0888000-7f59a08a1000 rw-p 00000000 00:00 0 
7f59a08a1000-7f59a08ac000 ---p 00000000 00:00 0 
7f59a08ac000-7f59a09de000 rw-p 00000000 00:00 0 
7f59a09de000-7f59a09df000 rw-p 00000000 00:00 0 
7f59a09df000-7f59a0cff000 rwxp 00000000 00:00 0 
7f59a0cff000-7f59a39df000 rw-p 00000000 00:00 0 
7f59a39df000-7f59a39e7000 r-xp 00000000 08:01 10098041                   /usr/lib/jvm/java-7-openjdk-amd64/jre/lib/amd64/libzip.so
7f59a39e7000-7f59a3be6000 ---p 00008000 08:01 10098041                   /usr/lib/jvm/java-7-openjdk-amd64/jre/lib/amd64/libzip.so
7f59a3be6000-7f59a3be7000 r--p 00007000 08:01 10098041                   /usr/lib/jvm/java-7-openjdk-amd64/jre/lib/amd64/libzip.so
7f59a3be7000-7f59a3be8000 rw-p 00008000 08:01 10098041                   /usr/lib/jvm/java-7-openjdk-amd64/jre/lib/amd64/libzip.so
7f59a3be8000-7f59a3bf3000 r-xp 00000000 08:01 7606561                    /lib/x86_64-linux-gnu/libnss_files-2.19.so
7f59a3bf3000-7f59a3df2000 ---p 0000b000 08:01 7606561                    /lib/x86_64-linux-gnu/libnss_files-2.19.so
7f59a3df2000-7f59a3df3000 r--p 0000a000 08:01 7606561                    /lib/x86_64-linux-gnu/libnss_files-2.19.so
7f59a3df3000-7f59a3df4000 rw-p 0000b000 08:01 7606561                    /lib/x86_64-linux-gnu/libnss_files-2.19.so
7f59a3df4000-7f59a3dff000 r-xp 00000000 08:01 7606571                    /lib/x86_64-linux-gnu/libnss_nis-2.19.so
7f59a3dff000-7f59a3ffe000 ---p 0000b000 08:01 7606571                    /lib/x86_64-linux-gnu/libnss_nis-2.19.so
7f59a3ffe000-7f59a3fff000 r--p 0000a000 08:01 7606571                    /lib/x86_64-linux-gnu/libnss_nis-2.19.so
7f59a3fff000-7f59a4000000 rw-p 0000b000 08:01 7606571                    /lib/x86_64-linux-gnu/libnss_nis-2.19.so
7f59a4000000-7f59a48b2000 rw-p 00000000 00:00 0 
7f59a48b2000-7f59a8000000 ---p 00000000 00:00 0 
7f59a8000000-7f59a8001000 r--s 00001000 08:01 6426204                    /home/gabi/Documents/MLIP/meka-release-1.9.0/lib/sizeofag-1.0.0.jar
7f59a8001000-7f59a8002000 r--s 00000000 00:17 5                          /run/user/1000/dconf/user (deleted)
7f59a8002000-7f59a8004000 r--s 0000b000 08:01 6426202                    /home/gabi/Documents/MLIP/meka-release-1.9.0/lib/pentaho-package-manager-1.0.8.jar
7f59a8004000-7f59a8010000 r--s 000a6000 08:01 6426199                    /home/gabi/Documents/MLIP/meka-release-1.9.0/lib/meka-1.9.0.jar
7f59a8010000-7f59a80d0000 rw-p 00000000 00:00 0 
7f59a80d0000-7f59a8112000 rw-p 00000000 00:00 0 
7f59a8112000-7f59a8129000 r-xp 00000000 08:01 7606555                    /lib/x86_64-linux-gnu/libnsl-2.19.so
7f59a8129000-7f59a8328000 ---p 00017000 08:01 7606555                    /lib/x86_64-linux-gnu/libnsl-2.19.so
7f59a8328000-7f59a8329000 r--p 00016000 08:01 7606555                    /lib/x86_64-linux-gnu/libnsl-2.19.so
7f59a8329000-7f59a832a000 rw-p 00017000 08:01 7606555                    /lib/x86_64-linux-gnu/libnsl-2.19.so
7f59a832a000-7f59a832c000 rw-p 00000000 00:00 0 
7f59a832c000-7f59a8335000 r-xp 00000000 08:01 7606557                    /lib/x86_64-linux-gnu/libnss_compat-2.19.so
7f59a8335000-7f59a8534000 ---p 00009000 08:01 7606557                    /lib/x86_64-linux-gnu/libnss_compat-2.19.so
7f59a8534000-7f59a8535000 r--p 00008000 08:01 7606557                    /lib/x86_64-linux-gnu/libnss_compat-2.19.so
7f59a8535000-7f59a8536000 rw-p 00009000 08:01 7606557                    /lib/x86_64-linux-gnu/libnss_compat-2.19.so
7f59a8536000-7f59a8561000 r-xp 00000000 08:01 10098026                   /usr/lib/jvm/java-7-openjdk-amd64/jre/lib/amd64/libjava.so
7f59a8561000-7f59a8761000 ---p 0002b000 08:01 10098026                   /usr/lib/jvm/java-7-openjdk-amd64/jre/lib/amd64/libjava.so
7f59a8761000-7f59a8762000 r--p 0002b000 08:01 10098026                   /usr/lib/jvm/java-7-openjdk-amd64/jre/lib/amd64/libjava.so
7f59a8762000-7f59a8764000 rw-p 0002c000 08:01 10098026                   /usr/lib/jvm/java-7-openjdk-amd64/jre/lib/amd64/libjava.so
7f59a8764000-7f59a8774000 r-xp 00000000 08:01 10098027                   /usr/lib/jvm/java-7-openjdk-amd64/jre/lib/amd64/libverify.so
7f59a8774000-7f59a8973000 ---p 00010000 08:01 10098027                   /usr/lib/jvm/java-7-openjdk-amd64/jre/lib/amd64/libverify.so
7f59a8973000-7f59a8975000 r--p 0000f000 08:01 10098027                   /usr/lib/jvm/java-7-openjdk-amd64/jre/lib/amd64/libverify.so
7f59a8975000-7f59a8976000 rw-p 00011000 08:01 10098027                   /usr/lib/jvm/java-7-openjdk-amd64/jre/lib/amd64/libverify.so
7f59a8976000-7f59a897d000 r-xp 00000000 08:01 7606614                    /lib/x86_64-linux-gnu/librt-2.19.so
7f59a897d000-7f59a8b7c000 ---p 00007000 08:01 7606614                    /lib/x86_64-linux-gnu/librt-2.19.so
7f59a8b7c000-7f59a8b7d000 r--p 00006000 08:01 7606614                    /lib/x86_64-linux-gnu/librt-2.19.so
7f59a8b7d000-7f59a8b7e000 rw-p 00007000 08:01 7606614                    /lib/x86_64-linux-gnu/librt-2.19.so
7f59a8b7e000-7f59a8b94000 r-xp 00000000 08:01 7606513                    /lib/x86_64-linux-gnu/libgcc_s.so.1
7f59a8b94000-7f59a8d93000 ---p 00016000 08:01 7606513                    /lib/x86_64-linux-gnu/libgcc_s.so.1
7f59a8d93000-7f59a8d94000 rw-p 00015000 08:01 7606513                    /lib/x86_64-linux-gnu/libgcc_s.so.1
7f59a8d94000-7f59a8e99000 r-xp 00000000 08:01 7606536                    /lib/x86_64-linux-gnu/libm-2.19.so
7f59a8e99000-7f59a9098000 ---p 00105000 08:01 7606536                    /lib/x86_64-linux-gnu/libm-2.19.so
7f59a9098000-7f59a9099000 r--p 00104000 08:01 7606536                    /lib/x86_64-linux-gnu/libm-2.19.so
7f59a9099000-7f59a909a000 rw-p 00105000 08:01 7606536                    /lib/x86_64-linux-gnu/libm-2.19.so
7f59a909a000-7f59a9180000 r-xp 00000000 08:01 9839285                    /usr/lib/x86_64-linux-gnu/libstdc++.so.6.0.19
7f59a9180000-7f59a937f000 ---p 000e6000 08:01 9839285                    /usr/lib/x86_64-linux-gnu/libstdc++.so.6.0.19
7f59a937f000-7f59a9387000 r--p 000e5000 08:01 9839285                    /usr/lib/x86_64-linux-gnu/libstdc++.so.6.0.19
7f59a9387000-7f59a9389000 rw-p 000ed000 08:01 9839285                    /usr/lib/x86_64-linux-gnu/libstdc++.so.6.0.19
7f59a9389000-7f59a939e000 rw-p 00000000 00:00 0 
7f59a939e000-7f59a9ec2000 r-xp 00000000 08:01 10098038                   /usr/lib/jvm/java-7-openjdk-amd64/jre/lib/amd64/server/libjvm.so
7f59a9ec2000-7f59aa0c2000 ---p 00b24000 08:01 10098038                   /usr/lib/jvm/java-7-openjdk-amd64/jre/lib/amd64/server/libjvm.so
7f59aa0c2000-7f59aa15c000 r--p 00b24000 08:01 10098038                   /usr/lib/jvm/java-7-openjdk-amd64/jre/lib/amd64/server/libjvm.so
7f59aa15c000-7f59aa17f000 rw-p 00bbe000 08:01 10098038                   /usr/lib/jvm/java-7-openjdk-amd64/jre/lib/amd64/server/libjvm.so
7f59aa17f000-7f59aa1ad000 rw-p 00000000 00:00 0 
7f59aa1ad000-7f59aa1c5000 r-xp 00000000 08:01 7606649                    /lib/x86_64-linux-gnu/libz.so.1.2.8
7f59aa1c5000-7f59aa3c4000 ---p 00018000 08:01 7606649                    /lib/x86_64-linux-gnu/libz.so.1.2.8
7f59aa3c4000-7f59aa3c5000 r--p 00017000 08:01 7606649                    /lib/x86_64-linux-gnu/libz.so.1.2.8
7f59aa3c5000-7f59aa3c6000 rw-p 00018000 08:01 7606649                    /lib/x86_64-linux-gnu/libz.so.1.2.8
7f59aa3c6000-7f59aa3df000 r-xp 00000000 08:01 7606606                    /lib/x86_64-linux-gnu/libpthread-2.19.so
7f59aa3df000-7f59aa5de000 ---p 00019000 08:01 7606606                    /lib/x86_64-linux-gnu/libpthread-2.19.so
7f59aa5de000-7f59aa5df000 r--p 00018000 08:01 7606606                    /lib/x86_64-linux-gnu/libpthread-2.19.so
7f59aa5df000-7f59aa5e0000 rw-p 00019000 08:01 7606606                    /lib/x86_64-linux-gnu/libpthread-2.19.so
7f59aa5e0000-7f59aa5e4000 rw-p 00000000 00:00 0 
7f59aa5e4000-7f59aa5e7000 r-xp 00000000 08:01 7606503                    /lib/x86_64-linux-gnu/libdl-2.19.so
7f59aa5e7000-7f59aa7e6000 ---p 00003000 08:01 7606503                    /lib/x86_64-linux-gnu/libdl-2.19.so
7f59aa7e6000-7f59aa7e7000 r--p 00002000 08:01 7606503                    /lib/x86_64-linux-gnu/libdl-2.19.so
7f59aa7e7000-7f59aa7e8000 rw-p 00003000 08:01 7606503                    /lib/x86_64-linux-gnu/libdl-2.19.so
7f59aa7e8000-7f59aa9a3000 r-xp 00000000 08:01 7606486                    /lib/x86_64-linux-gnu/libc-2.19.so
7f59aa9a3000-7f59aaba2000 ---p 001bb000 08:01 7606486                    /lib/x86_64-linux-gnu/libc-2.19.so
7f59aaba2000-7f59aaba6000 r--p 001ba000 08:01 7606486                    /lib/x86_64-linux-gnu/libc-2.19.so
7f59aaba6000-7f59aaba8000 rw-p 001be000 08:01 7606486                    /lib/x86_64-linux-gnu/libc-2.19.so
7f59aaba8000-7f59aabad000 rw-p 00000000 00:00 0 
7f59aabad000-7f59aabba000 r-xp 00000000 08:01 10098054                   /usr/lib/jvm/java-7-openjdk-amd64/jre/lib/amd64/jli/libjli.so
7f59aabba000-7f59aadb9000 ---p 0000d000 08:01 10098054                   /usr/lib/jvm/java-7-openjdk-amd64/jre/lib/amd64/jli/libjli.so
7f59aadb9000-7f59aadba000 r--p 0000c000 08:01 10098054                   /usr/lib/jvm/java-7-openjdk-amd64/jre/lib/amd64/jli/libjli.so
7f59aadba000-7f59aadbb000 rw-p 0000d000 08:01 10098054                   /usr/lib/jvm/java-7-openjdk-amd64/jre/lib/amd64/jli/libjli.so
7f59aadbb000-7f59aadde000 r-xp 00000000 08:01 7606462                    /lib/x86_64-linux-gnu/ld-2.19.so
7f59aadde000-7f59aade0000 r--s 00008000 08:01 6426208                    /home/gabi/Documents/MLIP/meka-release-1.9.0/lib/jama-1.0.3.jar
7f59aade0000-7f59aade1000 r--s 00007000 08:01 6426206                    /home/gabi/Documents/MLIP/meka-release-1.9.0/lib/mst-4.0.jar
7f59aade1000-7f59aade3000 r--s 00009000 08:01 6426207                    /home/gabi/Documents/MLIP/meka-release-1.9.0/lib/jfilechooser-bookmarks-0.1.0.jar
7f59aade3000-7f59aadf7000 r--s 0012e000 08:01 6426203                    /home/gabi/Documents/MLIP/meka-release-1.9.0/lib/moa-2014.04.jar
7f59aadf7000-7f59aadfa000 r--s 0000f000 08:01 10751053                   /usr/lib/jvm/java-7-openjdk-amd64/jre/lib/ext/icedtea-sound.jar
7f59aadfa000-7f59aae07000 rw-p 00000000 00:00 0 
7f59aae07000-7f59aaeba000 rw-p 00000000 00:00 0 
7f59aaeba000-7f59aaebd000 ---p 00000000 00:00 0 
7f59aaebd000-7f59aafc0000 rw-p 00000000 00:00 0                          [stack:4361]
7f59aafc0000-7f59aafc2000 r--s 00012000 08:01 10751050                   /usr/lib/jvm/java-7-openjdk-amd64/jre/lib/ext/zipfs.jar
7f59aafc2000-7f59aafc4000 r--s 00006000 08:01 10230889                   /usr/share/java/java-atk-wrapper.jar
7f59aafc4000-7f59aafc8000 r--s 0003c000 08:01 10751055                   /usr/lib/jvm/java-7-openjdk-amd64/jre/lib/ext/sunpkcs11.jar
7f59aafc8000-7f59aafcc000 r--s 00034000 08:01 10751052                   /usr/lib/jvm/java-7-openjdk-amd64/jre/lib/ext/sunjce_provider.jar
7f59aafcc000-7f59aafcd000 r--s 00002000 08:01 10751048                   /usr/lib/jvm/java-7-openjdk-amd64/jre/lib/ext/dnsns.jar
7f59aafcd000-7f59aafd1000 r--s 00085000 08:01 10751054                   /usr/lib/jvm/java-7-openjdk-amd64/jre/lib/ext/localedata.jar
7f59aafd1000-7f59aafd9000 rw-s 00000000 08:01 11537855                   /tmp/hsperfdata_gabi/4360
7f59aafd9000-7f59aafda000 rw-p 00000000 00:00 0 
7f59aafda000-7f59aafdb000 r--p 00000000 00:00 0 
7f59aafdb000-7f59aafdd000 rw-p 00000000 00:00 0 
7f59aafdd000-7f59aafde000 r--p 00022000 08:01 7606462                    /lib/x86_64-linux-gnu/ld-2.19.so
7f59aafde000-7f59aafdf000 rw-p 00023000 08:01 7606462                    /lib/x86_64-linux-gnu/ld-2.19.so
7f59aafdf000-7f59aafe0000 rw-p 00000000 00:00 0 
7ffe1edfc000-7ffe1ee1d000 rw-p 00000000 00:00 0                          [stack]
7ffe1ef82000-7ffe1ef84000 r--p 00000000 00:00 0                          [vvar]
7ffe1ef84000-7ffe1ef86000 r-xp 00000000 00:00 0                          [vdso]
ffffffffff600000-ffffffffff601000 r-xp 00000000 00:00 0                  [vsyscall]

VM Arguments:
jvm_args: -Xmx2048m 
java_command: meka.gui.guichooser.GUIChooser
Launcher Type: SUN_STANDARD

Environment Variables:
PATH=/usr/local/cuda-7.5/bin:/usr/local/sbin:/usr/local/bin:/usr/sbin:/usr/bin:/sbin:/bin:/usr/games:/usr/local/games:/home/gabi/.local/bin
USERNAME=gabi
LD_LIBRARY_PATH=/usr/local/cuda-7.5/lib64
SHELL=/bin/bash
DISPLAY=:1

Signal Handlers:
SIGSEGV: [libjvm.so+0x9548f0], sa_mask[0]=0x7ffbfeff, sa_flags=0x10000004
SIGBUS: [libjvm.so+0x9548f0], sa_mask[0]=0x7ffbfeff, sa_flags=0x10000004
SIGFPE: [libjvm.so+0x7cb0b0], sa_mask[0]=0x7ffbfeff, sa_flags=0x10000004
SIGPIPE: SIG_IGN, sa_mask[0]=0x00001000, sa_flags=0x10000000
SIGXFSZ: [libjvm.so+0x7cb0b0], sa_mask[0]=0x7ffbfeff, sa_flags=0x10000004
SIGILL: [libjvm.so+0x7cb0b0], sa_mask[0]=0x7ffbfeff, sa_flags=0x10000004
SIGUSR1: SIG_DFL, sa_mask[0]=0x00000000, sa_flags=0x00000000
SIGUSR2: [libjvm.so+0x7caf50], sa_mask[0]=0x00000000, sa_flags=0x10000004
SIGHUP: [libjvm.so+0x7cb130], sa_mask[0]=0x7ffbfeff, sa_flags=0x10000004
SIGINT: [libjvm.so+0x7cb130], sa_mask[0]=0x7ffbfeff, sa_flags=0x10000004
SIGTERM: [libjvm.so+0x7cb130], sa_mask[0]=0x7ffbfeff, sa_flags=0x10000004
SIGQUIT: [libjvm.so+0x7cb130], sa_mask[0]=0x7ffbfeff, sa_flags=0x10000004
SIGTRAP: SIG_DFL, sa_mask[0]=0x00000000, sa_flags=0x00000000


---------------  S Y S T E M  ---------------

OS:Ubuntu 14.04 (trusty)
uname:Linux 4.2.0-34-generic #39~14.04.1-Ubuntu SMP Fri Mar 11 11:38:02 UTC 2016 x86_64
libc:glibc 2.19 NPTL 2.19 
rlimit: STACK 8192k, CORE 0k, NPROC 30958, NOFILE 4096, AS infinity
load average:0,09 0,40 0,81

/proc/meminfo:
MemTotal:        7946832 kB
MemFree:         3826108 kB
MemAvailable:    4789096 kB
Buffers:           96400 kB
Cached:          1379572 kB
SwapCached:            0 kB
Active:          2877388 kB
Inactive:        1019252 kB
Active(anon):    2432308 kB
Inactive(anon):   512504 kB
Active(file):     445080 kB
Inactive(file):   506748 kB
Unevictable:          64 kB
Mlocked:              64 kB
SwapTotal:       3906556 kB
SwapFree:        3906556 kB
Dirty:               384 kB
Writeback:             0 kB
AnonPages:       2359648 kB
Mapped:           381636 kB
Shmem:            524144 kB
Slab:              96516 kB
SReclaimable:      53112 kB
SUnreclaim:        43404 kB
KernelStack:       11808 kB
PageTables:        40800 kB
NFS_Unstable:          0 kB
Bounce:                0 kB
WritebackTmp:          0 kB
CommitLimit:     7879972 kB
Committed_AS:    8279848 kB
VmallocTotal:   34359738367 kB
VmallocUsed:      364040 kB
VmallocChunk:   34358945788 kB
HardwareCorrupted:     0 kB
AnonHugePages:   1218560 kB
CmaTotal:              0 kB
CmaFree:               0 kB
HugePages_Total:       0
HugePages_Free:        0
HugePages_Rsvd:        0
HugePages_Surp:        0
Hugepagesize:       2048 kB
DirectMap4k:      178632 kB
DirectMap2M:     7981056 kB


CPU:total 8 (4 cores per cpu, 2 threads per core) family 6 model 42 stepping 7, cmov, cx8, fxsr, mmx, sse, sse2, sse3, ssse3, sse4.1, sse4.2, popcnt, avx, ht, tsc, tscinvbit

/proc/cpuinfo:
processor	: 0
vendor_id	: GenuineIntel
cpu family	: 6
model		: 42
model name	: Intel(R) Core(TM) i7-2670QM CPU @ 2.20GHz
stepping	: 7
microcode	: 0x23
cpu MHz		: 2799.929
cache size	: 6144 KB
physical id	: 0
siblings	: 8
core id		: 0
cpu cores	: 4
apicid		: 0
initial apicid	: 0
fpu		: yes
fpu_exception	: yes
cpuid level	: 13
wp		: yes
flags		: fpu vme de pse tsc msr pae mce cx8 apic sep mtrr pge mca cmov pat pse36 clflush dts acpi mmx fxsr sse sse2 ss ht tm pbe syscall nx rdtscp lm constant_tsc arch_perfmon pebs bts rep_good nopl xtopology nonstop_tsc aperfmperf eagerfpu pni pclmulqdq dtes64 monitor ds_cpl vmx est tm2 ssse3 cx16 xtpr pdcm pcid sse4_1 sse4_2 x2apic popcnt tsc_deadline_timer xsave avx lahf_lm ida arat epb pln pts dtherm tpr_shadow vnmi flexpriority ept vpid xsaveopt
bugs		:
bogomips	: 4390.38
clflush size	: 64
cache_alignment	: 64
address sizes	: 36 bits physical, 48 bits virtual
power management:

processor	: 1
vendor_id	: GenuineIntel
cpu family	: 6
model		: 42
model name	: Intel(R) Core(TM) i7-2670QM CPU @ 2.20GHz
stepping	: 7
microcode	: 0x23
cpu MHz		: 2799.929
cache size	: 6144 KB
physical id	: 0
siblings	: 8
core id		: 1
cpu cores	: 4
apicid		: 2
initial apicid	: 2
fpu		: yes
fpu_exception	: yes
cpuid level	: 13
wp		: yes
flags		: fpu vme de pse tsc msr pae mce cx8 apic sep mtrr pge mca cmov pat pse36 clflush dts acpi mmx fxsr sse sse2 ss ht tm pbe syscall nx rdtscp lm constant_tsc arch_perfmon pebs bts rep_good nopl xtopology nonstop_tsc aperfmperf eagerfpu pni pclmulqdq dtes64 monitor ds_cpl vmx est tm2 ssse3 cx16 xtpr pdcm pcid sse4_1 sse4_2 x2apic popcnt tsc_deadline_timer xsave avx lahf_lm ida arat epb pln pts dtherm tpr_shadow vnmi flexpriority ept vpid xsaveopt
bugs		:
bogomips	: 4390.38
clflush size	: 64
cache_alignment	: 64
address sizes	: 36 bits physical, 48 bits virtual
power management:

processor	: 2
vendor_id	: GenuineIntel
cpu family	: 6
model		: 42
model name	: Intel(R) Core(TM) i7-2670QM CPU @ 2.20GHz
stepping	: 7
microcode	: 0x23
cpu MHz		: 2799.929
cache size	: 6144 KB
physical id	: 0
siblings	: 8
core id		: 2
cpu cores	: 4
apicid		: 4
initial apicid	: 4
fpu		: yes
fpu_exception	: yes
cpuid level	: 13
wp		: yes
flags		: fpu vme de pse tsc msr pae mce cx8 apic sep mtrr pge mca cmov pat pse36 clflush dts acpi mmx fxsr sse sse2 ss ht tm pbe syscall nx rdtscp lm constant_tsc arch_perfmon pebs bts rep_good nopl xtopology nonstop_tsc aperfmperf eagerfpu pni pclmulqdq dtes64 monitor ds_cpl vmx est tm2 ssse3 cx16 xtpr pdcm pcid sse4_1 sse4_2 x2apic popcnt tsc_deadline_timer xsave avx lahf_lm ida arat epb pln pts dtherm tpr_shadow vnmi flexpriority ept vpid xsaveopt
bugs		:
bogomips	: 4390.38
clflush size	: 64
cache_alignment	: 64
address sizes	: 36 bits physical, 48 bits virtual
power management:

processor	: 3
vendor_id	: GenuineIntel
cpu family	: 6
model		: 42
model name	: Intel(R) Core(TM) i7-2670QM CPU @ 2.20GHz
stepping	: 7
microcode	: 0x23
cpu MHz		: 2799.929
cache size	: 6144 KB
physical id	: 0
siblings	: 8
core id		: 3
cpu cores	: 4
apicid		: 6
initial apicid	: 6
fpu		: yes
fpu_exception	: yes
cpuid level	: 13
wp		: yes
flags		: fpu vme de pse tsc msr pae mce cx8 apic sep mtrr pge mca cmov pat pse36 clflush dts acpi mmx fxsr sse sse2 ss ht tm pbe syscall nx rdtscp lm constant_tsc arch_perfmon pebs bts rep_good nopl xtopology nonstop_tsc aperfmperf eagerfpu pni pclmulqdq dtes64 monitor ds_cpl vmx est tm2 ssse3 cx16 xtpr pdcm pcid sse4_1 sse4_2 x2apic popcnt tsc_deadline_timer xsave avx lahf_lm ida arat epb pln pts dtherm tpr_shadow vnmi flexpriority ept vpid xsaveopt
bugs		:
bogomips	: 4390.38
clflush size	: 64
cache_alignment	: 64
address sizes	: 36 bits physical, 48 bits virtual
power management:

processor	: 4
vendor_id	: GenuineIntel
cpu family	: 6
model		: 42
model name	: Intel(R) Core(TM) i7-2670QM CPU @ 2.20GHz
stepping	: 7
microcode	: 0x23
cpu MHz		: 2799.929
cache size	: 6144 KB
physical id	: 0
siblings	: 8
core id		: 0
cpu cores	: 4
apicid		: 1
initial apicid	: 1
fpu		: yes
fpu_exception	: yes
cpuid level	: 13
wp		: yes
flags		: fpu vme de pse tsc msr pae mce cx8 apic sep mtrr pge mca cmov pat pse36 clflush dts acpi mmx fxsr sse sse2 ss ht tm pbe syscall nx rdtscp lm constant_tsc arch_perfmon pebs bts rep_good nopl xtopology nonstop_tsc aperfmperf eagerfpu pni pclmulqdq dtes64 monitor ds_cpl vmx est tm2 ssse3 cx16 xtpr pdcm pcid sse4_1 sse4_2 x2apic popcnt tsc_deadline_timer xsave avx lahf_lm ida arat epb pln pts dtherm tpr_shadow vnmi flexpriority ept vpid xsaveopt
bugs		:
bogomips	: 4390.38
clflush size	: 64
cache_alignment	: 64
address sizes	: 36 bits physical, 48 bits virtual
power management:

processor	: 5
vendor_id	: GenuineIntel
cpu family	: 6
model		: 42
model name	: Intel(R) Core(TM) i7-2670QM CPU @ 2.20GHz
stepping	: 7
microcode	: 0x23
cpu MHz		: 2799.929
cache size	: 6144 KB
physical id	: 0
siblings	: 8
core id		: 1
cpu cores	: 4
apicid		: 3
initial apicid	: 3
fpu		: yes
fpu_exception	: yes
cpuid level	: 13
wp		: yes
flags		: fpu vme de pse tsc msr pae mce cx8 apic sep mtrr pge mca cmov pat pse36 clflush dts acpi mmx fxsr sse sse2 ss ht tm pbe syscall nx rdtscp lm constant_tsc arch_perfmon pebs bts rep_good nopl xtopology nonstop_tsc aperfmperf eagerfpu pni pclmulqdq dtes64 monitor ds_cpl vmx est tm2 ssse3 cx16 xtpr pdcm pcid sse4_1 sse4_2 x2apic popcnt tsc_deadline_timer xsave avx lahf_lm ida arat epb pln pts dtherm tpr_shadow vnmi flexpriority ept vpid xsaveopt
bugs		:
bogomips	: 4390.38
clflush size	: 64
cache_alignment	: 64
address sizes	: 36 bits physical, 48 bits virtual
power management:

processor	: 6
vendor_id	: GenuineIntel
cpu family	: 6
model		: 42
model name	: Intel(R) Core(TM) i7-2670QM CPU @ 2.20GHz
stepping	: 7
microcode	: 0x23
cpu MHz		: 2799.929
cache size	: 6144 KB
physical id	: 0
siblings	: 8
core id		: 2
cpu cores	: 4
apicid		: 5
initial apicid	: 5
fpu		: yes
fpu_exception	: yes
cpuid level	: 13
wp		: yes
flags		: fpu vme de pse tsc msr pae mce cx8 apic sep mtrr pge mca cmov pat pse36 clflush dts acpi mmx fxsr sse sse2 ss ht tm pbe syscall nx rdtscp lm constant_tsc arch_perfmon pebs bts rep_good nopl xtopology nonstop_tsc aperfmperf eagerfpu pni pclmulqdq dtes64 monitor ds_cpl vmx est tm2 ssse3 cx16 xtpr pdcm pcid sse4_1 sse4_2 x2apic popcnt tsc_deadline_timer xsave avx lahf_lm ida arat epb pln pts dtherm tpr_shadow vnmi flexpriority ept vpid xsaveopt
bugs		:
bogomips	: 4390.38
clflush size	: 64
cache_alignment	: 64
address sizes	: 36 bits physical, 48 bits virtual
power management:

processor	: 7
vendor_id	: GenuineIntel
cpu family	: 6
model		: 42
model name	: Intel(R) Core(TM) i7-2670QM CPU @ 2.20GHz
stepping	: 7
microcode	: 0x23
cpu MHz		: 2799.929
cache size	: 6144 KB
physical id	: 0
siblings	: 8
core id		: 3
cpu cores	: 4
apicid		: 7
initial apicid	: 7
fpu		: yes
fpu_exception	: yes
cpuid level	: 13
wp		: yes
flags		: fpu vme de pse tsc msr pae mce cx8 apic sep mtrr pge mca cmov pat pse36 clflush dts acpi mmx fxsr sse sse2 ss ht tm pbe syscall nx rdtscp lm constant_tsc arch_perfmon pebs bts rep_good nopl xtopology nonstop_tsc aperfmperf eagerfpu pni pclmulqdq dtes64 monitor ds_cpl vmx est tm2 ssse3 cx16 xtpr pdcm pcid sse4_1 sse4_2 x2apic popcnt tsc_deadline_timer xsave avx lahf_lm ida arat epb pln pts dtherm tpr_shadow vnmi flexpriority ept vpid xsaveopt
bugs		:
bogomips	: 4390.38
clflush size	: 64
cache_alignment	: 64
address sizes	: 36 bits physical, 48 bits virtual
power management:



Memory: 4k page, physical 7946832k(3857960k free), swap 3906556k(3906556k free)

vm_info: OpenJDK 64-Bit Server VM (24.95-b01) for linux-amd64 JRE (1.7.0_95-b00), built on Mar 24 2016 06:13:32 by "buildd" with gcc 4.8.2

time: Wed Mar 30 00:12:54 2016
elapsed time: 3546 seconds

