GConf Error: Failed to contact configuration server; some possible causes are that you need to enable TCP/IP networking for ORBit, or you have stale NFS locks due to a system crash. See http://projects.gnome.org/gconf/ for information. (Details -  1: Not running within active session)
GConf Error: Failed to contact configuration server; some possible causes are that you need to enable TCP/IP networking for ORBit, or you have stale NFS locks due to a system crash. See http://projects.gnome.org/gconf/ for information. (Details -  1: Not running within active session)
GConf Error: Failed to contact configuration server; some possible causes are that you need to enable TCP/IP networking for ORBit, or you have stale NFS locks due to a system crash. See http://projects.gnome.org/gconf/ for information. (Details -  1: Not running within active session)
Exception in thread "main" java.lang.OutOfMemoryError: GC overhead limit exceeded
	at weka.classifiers.bayes.net.ADNode.makeVaryNode(ADNode.java:141)
	at weka.classifiers.bayes.net.ADNode.makeADTree(ADNode.java:191)
	at weka.classifiers.bayes.net.ADNode.makeVaryNode(ADNode.java:162)
	at weka.classifiers.bayes.net.ADNode.makeADTree(ADNode.java:191)
	at weka.classifiers.bayes.net.ADNode.makeVaryNode(ADNode.java:162)
	at weka.classifiers.bayes.net.ADNode.makeADTree(ADNode.java:191)
	at weka.classifiers.bayes.net.ADNode.makeVaryNode(ADNode.java:162)
	at weka.classifiers.bayes.net.ADNode.makeADTree(ADNode.java:191)
	at weka.classifiers.bayes.net.ADNode.makeVaryNode(ADNode.java:162)
	at weka.classifiers.bayes.net.ADNode.makeADTree(ADNode.java:191)
	at weka.classifiers.bayes.net.ADNode.makeVaryNode(ADNode.java:162)
	at weka.classifiers.bayes.net.ADNode.makeADTree(ADNode.java:191)
	at weka.classifiers.bayes.net.ADNode.makeVaryNode(ADNode.java:162)
	at weka.classifiers.bayes.net.ADNode.makeADTree(ADNode.java:191)
	at weka.classifiers.bayes.net.ADNode.makeADTree(ADNode.java:210)
	at weka.classifiers.bayes.BayesNet.buildClassifier(BayesNet.java:219)
	at meka.classifiers.multilabel.cc.CNode.build(CNode.java:97)
	at meka.classifiers.multilabel.BCC.buildClassifier(BCC.java:167)
	at meka.classifiers.multilabel.Evaluation.evaluateModel(Evaluation.java:356)
	at meka.classifiers.multilabel.Evaluation.evaluateModel(Evaluation.java:254)
	at meka.classifiers.multilabel.Evaluation.runExperiment(Evaluation.java:187)
	at meka.classifiers.multilabel.ProblemTransformationMethod.runClassifier(ProblemTransformationMethod.java:172)
	at meka.classifiers.multilabel.ProblemTransformationMethod.evaluation(ProblemTransformationMethod.java:152)
	at meka.classifiers.multilabel.BCC.main(BCC.java:242)
GConf Error: Failed to contact configuration server; some possible causes are that you need to enable TCP/IP networking for ORBit, or you have stale NFS locks due to a system crash. See http://projects.gnome.org/gconf/ for information. (Details -  1: Not running within active session)
GConf Error: Failed to contact configuration server; some possible causes are that you need to enable TCP/IP networking for ORBit, or you have stale NFS locks due to a system crash. See http://projects.gnome.org/gconf/ for information. (Details -  1: Not running within active session)
GConf Error: Failed to contact configuration server; some possible causes are that you need to enable TCP/IP networking for ORBit, or you have stale NFS locks due to a system crash. See http://projects.gnome.org/gconf/ for information. (Details -  1: Not running within active session)
GConf Error: Failed to contact configuration server; some possible causes are that you need to enable TCP/IP networking for ORBit, or you have stale NFS locks due to a system crash. See http://projects.gnome.org/gconf/ for information. (Details -  1: Not running within active session)
GConf Error: Failed to contact configuration server; some possible causes are that you need to enable TCP/IP networking for ORBit, or you have stale NFS locks due to a system crash. See http://projects.gnome.org/gconf/ for information. (Details -  1: Not running within active session)
GConf Error: Failed to contact configuration server; some possible causes are that you need to enable TCP/IP networking for ORBit, or you have stale NFS locks due to a system crash. See http://projects.gnome.org/gconf/ for information. (Details -  1: Not running within active session)
Exception in thread "main" java.lang.OutOfMemoryError: GC overhead limit exceeded
	at java.util.Arrays.copyOf(Arrays.java:2219)
	at java.util.ArrayList.grow(ArrayList.java:242)
	at java.util.ArrayList.ensureExplicitCapacity(ArrayList.java:216)
	at java.util.ArrayList.ensureCapacityInternal(ArrayList.java:208)
	at java.util.ArrayList.add(ArrayList.java:440)
	at weka.classifiers.bayes.net.ADNode.makeVaryNode(ADNode.java:141)
	at weka.classifiers.bayes.net.ADNode.makeADTree(ADNode.java:191)
	at weka.classifiers.bayes.net.ADNode.makeVaryNode(ADNode.java:162)
	at weka.classifiers.bayes.net.ADNode.makeADTree(ADNode.java:191)
	at weka.classifiers.bayes.net.ADNode.makeVaryNode(ADNode.java:162)
	at weka.classifiers.bayes.net.ADNode.makeADTree(ADNode.java:191)
	at weka.classifiers.bayes.net.ADNode.makeVaryNode(ADNode.java:162)
	at weka.classifiers.bayes.net.ADNode.makeADTree(ADNode.java:191)
	at weka.classifiers.bayes.net.ADNode.makeVaryNode(ADNode.java:162)
	at weka.classifiers.bayes.net.ADNode.makeADTree(ADNode.java:191)
	at weka.classifiers.bayes.net.ADNode.makeVaryNode(ADNode.java:162)
	at weka.classifiers.bayes.net.ADNode.makeADTree(ADNode.java:191)
	at weka.classifiers.bayes.net.ADNode.makeVaryNode(ADNode.java:162)
	at weka.classifiers.bayes.net.ADNode.makeADTree(ADNode.java:191)
	at weka.classifiers.bayes.net.ADNode.makeVaryNode(ADNode.java:162)
	at weka.classifiers.bayes.net.ADNode.makeADTree(ADNode.java:191)
	at weka.classifiers.bayes.net.ADNode.makeADTree(ADNode.java:210)
	at weka.classifiers.bayes.BayesNet.buildClassifier(BayesNet.java:219)
	at meka.classifiers.multilabel.BR.buildClassifier(BR.java:74)
	at meka.classifiers.multilabel.Evaluation.evaluateModel(Evaluation.java:356)
	at meka.classifiers.multilabel.Evaluation.evaluateModel(Evaluation.java:254)
	at meka.classifiers.multilabel.Evaluation.runExperiment(Evaluation.java:187)
	at meka.classifiers.multilabel.ProblemTransformationMethod.runClassifier(ProblemTransformationMethod.java:172)
	at meka.classifiers.multilabel.ProblemTransformationMethod.evaluation(ProblemTransformationMethod.java:152)
	at meka.classifiers.multilabel.BR.main(BR.java:156)
GConf Error: Failed to contact configuration server; some possible causes are that you need to enable TCP/IP networking for ORBit, or you have stale NFS locks due to a system crash. See http://projects.gnome.org/gconf/ for information. (Details -  1: Not running within active session)
GConf Error: Failed to contact configuration server; some possible causes are that you need to enable TCP/IP networking for ORBit, or you have stale NFS locks due to a system crash. See http://projects.gnome.org/gconf/ for information. (Details -  1: Not running within active session)
GConf Error: Failed to contact configuration server; some possible causes are that you need to enable TCP/IP networking for ORBit, or you have stale NFS locks due to a system crash. See http://projects.gnome.org/gconf/ for information. (Details -  1: Not running within active session)
Exception in thread "main" java.lang.OutOfMemoryError: GC overhead limit exceeded
	at weka.classifiers.bayes.net.ADNode.makeVaryNode(ADNode.java:141)
	at weka.classifiers.bayes.net.ADNode.makeADTree(ADNode.java:191)
	at weka.classifiers.bayes.net.ADNode.makeVaryNode(ADNode.java:162)
	at weka.classifiers.bayes.net.ADNode.makeADTree(ADNode.java:191)
	at weka.classifiers.bayes.net.ADNode.makeVaryNode(ADNode.java:162)
	at weka.classifiers.bayes.net.ADNode.makeADTree(ADNode.java:191)
	at weka.classifiers.bayes.net.ADNode.makeVaryNode(ADNode.java:162)
	at weka.classifiers.bayes.net.ADNode.makeADTree(ADNode.java:191)
	at weka.classifiers.bayes.net.ADNode.makeVaryNode(ADNode.java:162)
	at weka.classifiers.bayes.net.ADNode.makeADTree(ADNode.java:191)
	at weka.classifiers.bayes.net.ADNode.makeVaryNode(ADNode.java:162)
	at weka.classifiers.bayes.net.ADNode.makeADTree(ADNode.java:191)
	at weka.classifiers.bayes.net.ADNode.makeVaryNode(ADNode.java:162)
	at weka.classifiers.bayes.net.ADNode.makeADTree(ADNode.java:191)
	at weka.classifiers.bayes.net.ADNode.makeADTree(ADNode.java:210)
	at weka.classifiers.bayes.BayesNet.buildClassifier(BayesNet.java:219)
	at meka.classifiers.multilabel.BRq.buildClassifier(BRq.java:126)
	at meka.classifiers.multilabel.Evaluation.evaluateModel(Evaluation.java:356)
	at meka.classifiers.multilabel.Evaluation.evaluateModel(Evaluation.java:254)
	at meka.classifiers.multilabel.Evaluation.runExperiment(Evaluation.java:187)
	at meka.classifiers.multilabel.ProblemTransformationMethod.runClassifier(ProblemTransformationMethod.java:172)
	at meka.classifiers.multilabel.ProblemTransformationMethod.evaluation(ProblemTransformationMethod.java:152)
	at meka.classifiers.multilabel.BRq.main(BRq.java:231)
GConf Error: Failed to contact configuration server; some possible causes are that you need to enable TCP/IP networking for ORBit, or you have stale NFS locks due to a system crash. See http://projects.gnome.org/gconf/ for information. (Details -  1: Not running within active session)
GConf Error: Failed to contact configuration server; some possible causes are that you need to enable TCP/IP networking for ORBit, or you have stale NFS locks due to a system crash. See http://projects.gnome.org/gconf/ for information. (Details -  1: Not running within active session)
GConf Error: Failed to contact configuration server; some possible causes are that you need to enable TCP/IP networking for ORBit, or you have stale NFS locks due to a system crash. See http://projects.gnome.org/gconf/ for information. (Details -  1: Not running within active session)
Exception in thread "main" java.lang.OutOfMemoryError: GC overhead limit exceeded
	at weka.classifiers.bayes.net.ADNode.makeVaryNode(ADNode.java:136)
	at weka.classifiers.bayes.net.ADNode.makeADTree(ADNode.java:191)
	at weka.classifiers.bayes.net.ADNode.makeVaryNode(ADNode.java:162)
	at weka.classifiers.bayes.net.ADNode.makeADTree(ADNode.java:191)
	at weka.classifiers.bayes.net.ADNode.makeVaryNode(ADNode.java:162)
	at weka.classifiers.bayes.net.ADNode.makeADTree(ADNode.java:191)
	at weka.classifiers.bayes.net.ADNode.makeVaryNode(ADNode.java:162)
	at weka.classifiers.bayes.net.ADNode.makeADTree(ADNode.java:191)
	at weka.classifiers.bayes.net.ADNode.makeVaryNode(ADNode.java:162)
	at weka.classifiers.bayes.net.ADNode.makeADTree(ADNode.java:191)
	at weka.classifiers.bayes.net.ADNode.makeVaryNode(ADNode.java:162)
	at weka.classifiers.bayes.net.ADNode.makeADTree(ADNode.java:191)
	at weka.classifiers.bayes.net.ADNode.makeADTree(ADNode.java:210)
	at weka.classifiers.bayes.BayesNet.buildClassifier(BayesNet.java:219)
	at meka.classifiers.multilabel.cc.CNode.build(CNode.java:97)
	at meka.classifiers.multilabel.CC.buildClassifier(CC.java:117)
	at meka.classifiers.multilabel.Evaluation.evaluateModel(Evaluation.java:356)
	at meka.classifiers.multilabel.Evaluation.evaluateModel(Evaluation.java:254)
	at meka.classifiers.multilabel.Evaluation.runExperiment(Evaluation.java:187)
	at meka.classifiers.multilabel.ProblemTransformationMethod.runClassifier(ProblemTransformationMethod.java:172)
	at meka.classifiers.multilabel.ProblemTransformationMethod.evaluation(ProblemTransformationMethod.java:152)
	at meka.classifiers.multilabel.CC.main(CC.java:405)
GConf Error: Failed to contact configuration server; some possible causes are that you need to enable TCP/IP networking for ORBit, or you have stale NFS locks due to a system crash. See http://projects.gnome.org/gconf/ for information. (Details -  1: Not running within active session)
GConf Error: Failed to contact configuration server; some possible causes are that you need to enable TCP/IP networking for ORBit, or you have stale NFS locks due to a system crash. See http://projects.gnome.org/gconf/ for information. (Details -  1: Not running within active session)
GConf Error: Failed to contact configuration server; some possible causes are that you need to enable TCP/IP networking for ORBit, or you have stale NFS locks due to a system crash. See http://projects.gnome.org/gconf/ for information. (Details -  1: Not running within active session)
Exception in thread "main" java.lang.OutOfMemoryError: Java heap space
	at weka.classifiers.bayes.net.ADNode.makeVaryNode(ADNode.java:157)
	at weka.classifiers.bayes.net.ADNode.makeADTree(ADNode.java:191)
	at weka.classifiers.bayes.net.ADNode.makeVaryNode(ADNode.java:162)
	at weka.classifiers.bayes.net.ADNode.makeADTree(ADNode.java:191)
	at weka.classifiers.bayes.net.ADNode.makeVaryNode(ADNode.java:162)
	at weka.classifiers.bayes.net.ADNode.makeADTree(ADNode.java:191)
	at weka.classifiers.bayes.net.ADNode.makeVaryNode(ADNode.java:162)
	at weka.classifiers.bayes.net.ADNode.makeADTree(ADNode.java:191)
	at weka.classifiers.bayes.net.ADNode.makeVaryNode(ADNode.java:162)
	at weka.classifiers.bayes.net.ADNode.makeADTree(ADNode.java:191)
	at weka.classifiers.bayes.net.ADNode.makeVaryNode(ADNode.java:162)
	at weka.classifiers.bayes.net.ADNode.makeADTree(ADNode.java:191)
	at weka.classifiers.bayes.net.ADNode.makeVaryNode(ADNode.java:162)
	at weka.classifiers.bayes.net.ADNode.makeADTree(ADNode.java:191)
	at weka.classifiers.bayes.net.ADNode.makeVaryNode(ADNode.java:162)
	at weka.classifiers.bayes.net.ADNode.makeADTree(ADNode.java:191)
	at weka.classifiers.bayes.net.ADNode.makeADTree(ADNode.java:210)
	at weka.classifiers.bayes.BayesNet.buildClassifier(BayesNet.java:219)
	at meka.classifiers.multilabel.CCq$QLink.<init>(CCq.java:103)
	at meka.classifiers.multilabel.CCq$QLink.<init>(CCq.java:107)
	at meka.classifiers.multilabel.CCq.buildClassifier(CCq.java:229)
	at meka.classifiers.multilabel.Evaluation.evaluateModel(Evaluation.java:356)
	at meka.classifiers.multilabel.Evaluation.evaluateModel(Evaluation.java:254)
	at meka.classifiers.multilabel.Evaluation.runExperiment(Evaluation.java:187)
	at meka.classifiers.multilabel.ProblemTransformationMethod.runClassifier(ProblemTransformationMethod.java:172)
	at meka.classifiers.multilabel.ProblemTransformationMethod.evaluation(ProblemTransformationMethod.java:152)
	at meka.classifiers.multilabel.CCq.main(CCq.java:245)
GConf Error: Failed to contact configuration server; some possible causes are that you need to enable TCP/IP networking for ORBit, or you have stale NFS locks due to a system crash. See http://projects.gnome.org/gconf/ for information. (Details -  1: Not running within active session)
GConf Error: Failed to contact configuration server; some possible causes are that you need to enable TCP/IP networking for ORBit, or you have stale NFS locks due to a system crash. See http://projects.gnome.org/gconf/ for information. (Details -  1: Not running within active session)
GConf Error: Failed to contact configuration server; some possible causes are that you need to enable TCP/IP networking for ORBit, or you have stale NFS locks due to a system crash. See http://projects.gnome.org/gconf/ for information. (Details -  1: Not running within active session)
Exception in thread "main" java.lang.OutOfMemoryError: GC overhead limit exceeded
	at weka.classifiers.bayes.net.ADNode.makeVaryNode(ADNode.java:136)
	at weka.classifiers.bayes.net.ADNode.makeADTree(ADNode.java:191)
	at weka.classifiers.bayes.net.ADNode.makeVaryNode(ADNode.java:162)
	at weka.classifiers.bayes.net.ADNode.makeADTree(ADNode.java:191)
	at weka.classifiers.bayes.net.ADNode.makeVaryNode(ADNode.java:162)
	at weka.classifiers.bayes.net.ADNode.makeADTree(ADNode.java:191)
	at weka.classifiers.bayes.net.ADNode.makeVaryNode(ADNode.java:162)
	at weka.classifiers.bayes.net.ADNode.makeADTree(ADNode.java:191)
	at weka.classifiers.bayes.net.ADNode.makeVaryNode(ADNode.java:162)
	at weka.classifiers.bayes.net.ADNode.makeADTree(ADNode.java:191)
	at weka.classifiers.bayes.net.ADNode.makeVaryNode(ADNode.java:162)
	at weka.classifiers.bayes.net.ADNode.makeADTree(ADNode.java:191)
	at weka.classifiers.bayes.net.ADNode.makeVaryNode(ADNode.java:162)
	at weka.classifiers.bayes.net.ADNode.makeADTree(ADNode.java:191)
	at weka.classifiers.bayes.net.ADNode.makeADTree(ADNode.java:210)
	at weka.classifiers.bayes.BayesNet.buildClassifier(BayesNet.java:219)
	at meka.classifiers.multilabel.CDN.buildClassifier(CDN.java:66)
	at meka.classifiers.multilabel.Evaluation.evaluateModel(Evaluation.java:356)
	at meka.classifiers.multilabel.Evaluation.evaluateModel(Evaluation.java:254)
	at meka.classifiers.multilabel.Evaluation.runExperiment(Evaluation.java:187)
	at meka.classifiers.multilabel.ProblemTransformationMethod.runClassifier(ProblemTransformationMethod.java:172)
	at meka.classifiers.multilabel.ProblemTransformationMethod.evaluation(ProblemTransformationMethod.java:152)
	at meka.classifiers.multilabel.CDN.main(CDN.java:213)
GConf Error: Failed to contact configuration server; some possible causes are that you need to enable TCP/IP networking for ORBit, or you have stale NFS locks due to a system crash. See http://projects.gnome.org/gconf/ for information. (Details -  1: Not running within active session)
GConf Error: Failed to contact configuration server; some possible causes are that you need to enable TCP/IP networking for ORBit, or you have stale NFS locks due to a system crash. See http://projects.gnome.org/gconf/ for information. (Details -  1: Not running within active session)
GConf Error: Failed to contact configuration server; some possible causes are that you need to enable TCP/IP networking for ORBit, or you have stale NFS locks due to a system crash. See http://projects.gnome.org/gconf/ for information. (Details -  1: Not running within active session)
Exception in thread "main" java.lang.OutOfMemoryError: GC overhead limit exceeded
	at weka.classifiers.bayes.net.ADNode.makeVaryNode(ADNode.java:129)
	at weka.classifiers.bayes.net.ADNode.makeADTree(ADNode.java:191)
	at weka.classifiers.bayes.net.ADNode.makeVaryNode(ADNode.java:162)
	at weka.classifiers.bayes.net.ADNode.makeADTree(ADNode.java:191)
	at weka.classifiers.bayes.net.ADNode.makeVaryNode(ADNode.java:162)
	at weka.classifiers.bayes.net.ADNode.makeADTree(ADNode.java:191)
	at weka.classifiers.bayes.net.ADNode.makeVaryNode(ADNode.java:162)
	at weka.classifiers.bayes.net.ADNode.makeADTree(ADNode.java:191)
	at weka.classifiers.bayes.net.ADNode.makeVaryNode(ADNode.java:162)
	at weka.classifiers.bayes.net.ADNode.makeADTree(ADNode.java:191)
	at weka.classifiers.bayes.net.ADNode.makeVaryNode(ADNode.java:162)
	at weka.classifiers.bayes.net.ADNode.makeADTree(ADNode.java:191)
	at weka.classifiers.bayes.net.ADNode.makeVaryNode(ADNode.java:162)
	at weka.classifiers.bayes.net.ADNode.makeADTree(ADNode.java:191)
	at weka.classifiers.bayes.net.ADNode.makeVaryNode(ADNode.java:162)
	at weka.classifiers.bayes.net.ADNode.makeADTree(ADNode.java:191)
	at weka.classifiers.bayes.net.ADNode.makeADTree(ADNode.java:210)
	at weka.classifiers.bayes.BayesNet.buildClassifier(BayesNet.java:219)
	at meka.classifiers.multilabel.cc.CNode.build(CNode.java:97)
	at meka.classifiers.multilabel.CDT.buildClassifier(CDT.java:95)
	at meka.classifiers.multilabel.Evaluation.evaluateModel(Evaluation.java:356)
	at meka.classifiers.multilabel.Evaluation.evaluateModel(Evaluation.java:254)
	at meka.classifiers.multilabel.Evaluation.runExperiment(Evaluation.java:187)
	at meka.classifiers.multilabel.ProblemTransformationMethod.runClassifier(ProblemTransformationMethod.java:172)
	at meka.classifiers.multilabel.ProblemTransformationMethod.evaluation(ProblemTransformationMethod.java:152)
	at meka.classifiers.multilabel.CDT.main(CDT.java:216)
GConf Error: Failed to contact configuration server; some possible causes are that you need to enable TCP/IP networking for ORBit, or you have stale NFS locks due to a system crash. See http://projects.gnome.org/gconf/ for information. (Details -  1: Not running within active session)
GConf Error: Failed to contact configuration server; some possible causes are that you need to enable TCP/IP networking for ORBit, or you have stale NFS locks due to a system crash. See http://projects.gnome.org/gconf/ for information. (Details -  1: Not running within active session)
GConf Error: Failed to contact configuration server; some possible causes are that you need to enable TCP/IP networking for ORBit, or you have stale NFS locks due to a system crash. See http://projects.gnome.org/gconf/ for information. (Details -  1: Not running within active session)
Exception in thread "main" java.lang.OutOfMemoryError: GC overhead limit exceeded
	at weka.classifiers.bayes.net.ADNode.makeVaryNode(ADNode.java:157)
	at weka.classifiers.bayes.net.ADNode.makeADTree(ADNode.java:191)
	at weka.classifiers.bayes.net.ADNode.makeVaryNode(ADNode.java:162)
	at weka.classifiers.bayes.net.ADNode.makeADTree(ADNode.java:191)
	at weka.classifiers.bayes.net.ADNode.makeVaryNode(ADNode.java:162)
	at weka.classifiers.bayes.net.ADNode.makeADTree(ADNode.java:191)
	at weka.classifiers.bayes.net.ADNode.makeVaryNode(ADNode.java:162)
	at weka.classifiers.bayes.net.ADNode.makeADTree(ADNode.java:191)
	at weka.classifiers.bayes.net.ADNode.makeVaryNode(ADNode.java:162)
	at weka.classifiers.bayes.net.ADNode.makeADTree(ADNode.java:191)
	at weka.classifiers.bayes.net.ADNode.makeVaryNode(ADNode.java:162)
	at weka.classifiers.bayes.net.ADNode.makeADTree(ADNode.java:191)
	at weka.classifiers.bayes.net.ADNode.makeVaryNode(ADNode.java:162)
	at weka.classifiers.bayes.net.ADNode.makeADTree(ADNode.java:191)
	at weka.classifiers.bayes.net.ADNode.makeADTree(ADNode.java:210)
	at weka.classifiers.bayes.BayesNet.buildClassifier(BayesNet.java:219)
	at meka.classifiers.multilabel.cc.CNode.build(CNode.java:97)
	at meka.classifiers.multilabel.CT.buildClassifier(CT.java:107)
	at meka.classifiers.multilabel.Evaluation.evaluateModel(Evaluation.java:356)
	at meka.classifiers.multilabel.Evaluation.evaluateModel(Evaluation.java:254)
	at meka.classifiers.multilabel.Evaluation.runExperiment(Evaluation.java:187)
	at meka.classifiers.multilabel.ProblemTransformationMethod.runClassifier(ProblemTransformationMethod.java:172)
	at meka.classifiers.multilabel.ProblemTransformationMethod.evaluation(ProblemTransformationMethod.java:152)
	at meka.classifiers.multilabel.CT.main(CT.java:273)
GConf Error: Failed to contact configuration server; some possible causes are that you need to enable TCP/IP networking for ORBit, or you have stale NFS locks due to a system crash. See http://projects.gnome.org/gconf/ for information. (Details -  1: Not running within active session)
GConf Error: Failed to contact configuration server; some possible causes are that you need to enable TCP/IP networking for ORBit, or you have stale NFS locks due to a system crash. See http://projects.gnome.org/gconf/ for information. (Details -  1: Not running within active session)
GConf Error: Failed to contact configuration server; some possible causes are that you need to enable TCP/IP networking for ORBit, or you have stale NFS locks due to a system crash. See http://projects.gnome.org/gconf/ for information. (Details -  1: Not running within active session)
[WARNING] Was expecting BPNN as the base classifier (will set it now, with default parameters) ...
