GConf Error: Failed to contact configuration server; some possible causes are that you need to enable TCP/IP networking for ORBit, or you have stale NFS locks due to a system crash. See http://projects.gnome.org/gconf/ for information. (Details -  1: Not running within active session)
GConf Error: Failed to contact configuration server; some possible causes are that you need to enable TCP/IP networking for ORBit, or you have stale NFS locks due to a system crash. See http://projects.gnome.org/gconf/ for information. (Details -  1: Not running within active session)
GConf Error: Failed to contact configuration server; some possible causes are that you need to enable TCP/IP networking for ORBit, or you have stale NFS locks due to a system crash. See http://projects.gnome.org/gconf/ for information. (Details -  1: Not running within active session)
GConf Error: Failed to contact configuration server; some possible causes are that you need to enable TCP/IP networking for ORBit, or you have stale NFS locks due to a system crash. See http://projects.gnome.org/gconf/ for information. (Details -  1: Not running within active session)
GConf Error: Failed to contact configuration server; some possible causes are that you need to enable TCP/IP networking for ORBit, or you have stale NFS locks due to a system crash. See http://projects.gnome.org/gconf/ for information. (Details -  1: Not running within active session)
GConf Error: Failed to contact configuration server; some possible causes are that you need to enable TCP/IP networking for ORBit, or you have stale NFS locks due to a system crash. See http://projects.gnome.org/gconf/ for information. (Details -  1: Not running within active session)
[WARNING] Was expecting BPNN as the base classifier (will set it now, with default parameters) ...
GConf Error: Failed to contact configuration server; some possible causes are that you need to enable TCP/IP networking for ORBit, or you have stale NFS locks due to a system crash. See http://projects.gnome.org/gconf/ for information. (Details -  1: Not running within active session)
GConf Error: Failed to contact configuration server; some possible causes are that you need to enable TCP/IP networking for ORBit, or you have stale NFS locks due to a system crash. See http://projects.gnome.org/gconf/ for information. (Details -  1: Not running within active session)
GConf Error: Failed to contact configuration server; some possible causes are that you need to enable TCP/IP networking for ORBit, or you have stale NFS locks due to a system crash. See http://projects.gnome.org/gconf/ for information. (Details -  1: Not running within active session)
GConf Error: Failed to contact configuration server; some possible causes are that you need to enable TCP/IP networking for ORBit, or you have stale NFS locks due to a system crash. See http://projects.gnome.org/gconf/ for information. (Details -  1: Not running within active session)
GConf Error: Failed to contact configuration server; some possible causes are that you need to enable TCP/IP networking for ORBit, or you have stale NFS locks due to a system crash. See http://projects.gnome.org/gconf/ for information. (Details -  1: Not running within active session)
GConf Error: Failed to contact configuration server; some possible causes are that you need to enable TCP/IP networking for ORBit, or you have stale NFS locks due to a system crash. See http://projects.gnome.org/gconf/ for information. (Details -  1: Not running within active session)
GConf Error: Failed to contact configuration server; some possible causes are that you need to enable TCP/IP networking for ORBit, or you have stale NFS locks due to a system crash. See http://projects.gnome.org/gconf/ for information. (Details -  1: Not running within active session)
GConf Error: Failed to contact configuration server; some possible causes are that you need to enable TCP/IP networking for ORBit, or you have stale NFS locks due to a system crash. See http://projects.gnome.org/gconf/ for information. (Details -  1: Not running within active session)
GConf Error: Failed to contact configuration server; some possible causes are that you need to enable TCP/IP networking for ORBit, or you have stale NFS locks due to a system crash. See http://projects.gnome.org/gconf/ for information. (Details -  1: Not running within active session)
[WARNING] Was expecting BPNN as the base classifier (will set it now, with default parameters) ...
GConf Error: Failed to contact configuration server; some possible causes are that you need to enable TCP/IP networking for ORBit, or you have stale NFS locks due to a system crash. See http://projects.gnome.org/gconf/ for information. (Details -  1: Not running within active session)
GConf Error: Failed to contact configuration server; some possible causes are that you need to enable TCP/IP networking for ORBit, or you have stale NFS locks due to a system crash. See http://projects.gnome.org/gconf/ for information. (Details -  1: Not running within active session)
GConf Error: Failed to contact configuration server; some possible causes are that you need to enable TCP/IP networking for ORBit, or you have stale NFS locks due to a system crash. See http://projects.gnome.org/gconf/ for information. (Details -  1: Not running within active session)
Exception in thread "main" java.lang.OutOfMemoryError: Java heap space
	at weka.core.Utils.initialIndex(Utils.java:1764)
	at weka.core.Utils.sortWithNoMissingValues(Utils.java:1625)
	at weka.core.Instances.sort(Instances.java:1559)
	at weka.classifiers.trees.RandomTree$Tree.distribution(RandomTree.java:1705)
	at weka.classifiers.trees.RandomTree$Tree.buildTree(RandomTree.java:1333)
	at weka.classifiers.trees.RandomTree$Tree.buildTree(RandomTree.java:1368)
	at weka.classifiers.trees.RandomTree$Tree.buildTree(RandomTree.java:1368)
	at weka.classifiers.trees.RandomTree$Tree.buildTree(RandomTree.java:1368)
	at weka.classifiers.trees.RandomTree$Tree.buildTree(RandomTree.java:1368)
	at weka.classifiers.trees.RandomTree.buildClassifier(RandomTree.java:656)
	at weka.classifiers.ParallelIteratedSingleClassifierEnhancer.buildClassifiers(ParallelIteratedSingleClassifierEnhancer.java:221)
	at weka.classifiers.meta.Bagging.buildClassifier(Bagging.java:570)
	at weka.classifiers.trees.RandomForest.buildClassifier(RandomForest.java:660)
	at meka.classifiers.multilabel.FW.buildClassifier(FW.java:82)
	at meka.classifiers.multilabel.Evaluation.evaluateModel(Evaluation.java:356)
	at meka.classifiers.multilabel.Evaluation.evaluateModel(Evaluation.java:254)
	at meka.classifiers.multilabel.Evaluation.runExperiment(Evaluation.java:187)
	at meka.classifiers.multilabel.ProblemTransformationMethod.runClassifier(ProblemTransformationMethod.java:172)
	at meka.classifiers.multilabel.ProblemTransformationMethod.evaluation(ProblemTransformationMethod.java:152)
	at meka.classifiers.multilabel.FW.main(FW.java:123)
